<testsuites id="" name="" tests="380" failures="33" skipped="0" errors="0" time="1573.405841">
<testsuite name="deployment-examples.test.ts" timestamp="2025-09-27T17:11:12.721Z" hostname="chromium" tests="2" failures="0" skipped="0" time="0.789" errors="0">
<testcase name="Deployment Examples Pages › English page is accessible and has key sections" classname="deployment-examples.test.ts" time="0.379">
</testcase>
<testcase name="Deployment Examples Pages › Chinese page is accessible and has key sections" classname="deployment-examples.test.ts" time="0.41">
</testcase>
</testsuite>
<testsuite name="navigation.test.ts" timestamp="2025-09-27T17:11:12.721Z" hostname="chromium" tests="19" failures="0" skipped="0" time="27.978" errors="0">
<testcase name="页面路由和导航测试 › 基础导航功能 › 应该正确加载首页" classname="navigation.test.ts" time="1.001">
</testcase>
<testcase name="页面路由和导航测试 › 基础导航功能 › 应该能够通过导航菜单访问各个页面" classname="navigation.test.ts" time="1.071">
</testcase>
<testcase name="页面路由和导航测试 › 基础导航功能 › 应该支持面包屑导航" classname="navigation.test.ts" time="1.144">
</testcase>
<testcase name="页面路由和导航测试 › 基础导航功能 › 应该支持侧边栏导航" classname="navigation.test.ts" time="2.125">
</testcase>
<testcase name="页面路由和导航测试 › 多语言导航 › 应该支持语言切换" classname="navigation.test.ts" time="0.936">
</testcase>
<testcase name="页面路由和导航测试 › 多语言导航 › 应该在不同语言版本间保持页面结构" classname="navigation.test.ts" time="1.164">
</testcase>
<testcase name="页面路由和导航测试 › 多语言导航 › 应该在语言切换时保持当前页面路径" classname="navigation.test.ts" time="1.015">
</testcase>
<testcase name="页面路由和导航测试 › 响应式导航 › 应该在移动设备上显示汉堡菜单" classname="navigation.test.ts" time="0.91">
</testcase>
<testcase name="页面路由和导航测试 › 响应式导航 › 应该在平板设备上正确显示导航" classname="navigation.test.ts" time="1.733">
</testcase>
<testcase name="页面路由和导航测试 › URL 和深度链接 › 应该支持直接访问深层页面" classname="navigation.test.ts" time="1.55">
</testcase>
<testcase name="页面路由和导航测试 › URL 和深度链接 › 应该处理不存在的页面" classname="navigation.test.ts" time="1.724">
</testcase>
<testcase name="页面路由和导航测试 › URL 和深度链接 › 应该支持锚点链接" classname="navigation.test.ts" time="1.136">
</testcase>
<testcase name="页面路由和导航测试 › URL 和深度链接 › 应该支持查询参数" classname="navigation.test.ts" time="1.014">
</testcase>
<testcase name="页面路由和导航测试 › 导航性能 › 应该快速加载页面" classname="navigation.test.ts" time="1.799">
</testcase>
<testcase name="页面路由和导航测试 › 导航性能 › 应该支持预加载功能" classname="navigation.test.ts" time="1.276">
<system-out>
<![CDATA[Found 9 preload/prefetch links
]]>
</system-out>
<system-err>
<![CDATA[(node:43128) Warning: The 'NO_COLOR' env is ignored due to the 'FORCE_COLOR' env being set.
(Use `node --trace-warnings ...` to show where the warning was created)
]]>
</system-err>
</testcase>
<testcase name="页面路由和导航测试 › 导航状态管理 › 应该正确高亮当前页面的导航项" classname="navigation.test.ts" time="1.019">
</testcase>
<testcase name="页面路由和导航测试 › 导航状态管理 › 应该支持浏览器前进后退" classname="navigation.test.ts" time="1.404">
</testcase>
<testcase name="页面路由和导航测试 › 错误处理 › 应该优雅处理网络错误" classname="navigation.test.ts" time="0.97">
</testcase>
<testcase name="页面路由和导航测试 › 错误处理 › 应该处理慢速网络" classname="navigation.test.ts" time="4.987">
</testcase>
</testsuite>
<testsuite name="search.test.ts" timestamp="2025-09-27T17:11:12.721Z" hostname="chromium" tests="17" failures="0" skipped="0" time="27.594" errors="0">
<testcase name="搜索功能测试 › 搜索界面 › 应该显示搜索按钮或输入框" classname="search.test.ts" time="0.907">
<system-err>
<![CDATA[⚠️  No search interface found on the page
]]>
</system-err>
</testcase>
<testcase name="搜索功能测试 › 搜索界面 › 应该能够打开搜索模态框" classname="search.test.ts" time="0.918">
<system-err>
<![CDATA[⚠️  Could not open search modal
]]>
</system-err>
</testcase>
<testcase name="搜索功能测试 › 搜索功能 › 应该能够执行基本搜索" classname="search.test.ts" time="1.751">
</testcase>
<testcase name="搜索功能测试 › 搜索功能 › 应该支持中文搜索" classname="search.test.ts" time="2.064">
</testcase>
<testcase name="搜索功能测试 › 搜索功能 › 应该高亮搜索关键词" classname="search.test.ts" time="1.839">
</testcase>
<testcase name="搜索功能测试 › 搜索功能 › 应该支持搜索结果导航" classname="search.test.ts" time="1.761">
</testcase>
<testcase name="搜索功能测试 › 搜索功能 › 应该处理空搜索结果" classname="search.test.ts" time="1.854">
</testcase>
<testcase name="搜索功能测试 › 搜索快捷键 › 应该支持 Ctrl+K 快捷键" classname="search.test.ts" time="1.361">
</testcase>
<testcase name="搜索功能测试 › 搜索快捷键 › 应该支持 / 快捷键" classname="search.test.ts" time="1.365">
</testcase>
<testcase name="搜索功能测试 › 搜索快捷键 › 应该在输入框聚焦时显示快捷键提示" classname="search.test.ts" time="0.863">
</testcase>
<testcase name="搜索功能测试 › 搜索性能 › 应该快速返回搜索结果" classname="search.test.ts" time="1.853">
</testcase>
<testcase name="搜索功能测试 › 搜索性能 › 应该支持搜索结果缓存" classname="search.test.ts" time="1.896">
</testcase>
<testcase name="搜索功能测试 › 搜索可访问性 › 应该支持键盘导航" classname="search.test.ts" time="1.794">
</testcase>
<testcase name="搜索功能测试 › 搜索可访问性 › 应该包含适当的 ARIA 标签" classname="search.test.ts" time="1.878">
</testcase>
<testcase name="搜索功能测试 › 搜索可访问性 › 应该支持屏幕阅读器" classname="search.test.ts" time="1.822">
</testcase>
<testcase name="搜索功能测试 › 搜索过滤和分类 › 应该支持按内容类型过滤" classname="search.test.ts" time="1.842">
</testcase>
<testcase name="搜索功能测试 › 搜索过滤和分类 › 应该显示搜索建议" classname="search.test.ts" time="1.826">
</testcase>
</testsuite>
<testsuite name="deployment-examples.test.ts" timestamp="2025-09-27T17:11:12.721Z" hostname="firefox" tests="2" failures="0" skipped="0" time="1.335" errors="0">
<testcase name="Deployment Examples Pages › English page is accessible and has key sections" classname="deployment-examples.test.ts" time="0.814">
</testcase>
<testcase name="Deployment Examples Pages › Chinese page is accessible and has key sections" classname="deployment-examples.test.ts" time="0.521">
</testcase>
</testsuite>
<testsuite name="navigation.test.ts" timestamp="2025-09-27T17:11:12.721Z" hostname="firefox" tests="19" failures="1" skipped="0" time="39.94" errors="0">
<testcase name="页面路由和导航测试 › 基础导航功能 › 应该正确加载首页" classname="navigation.test.ts" time="1.225">
</testcase>
<testcase name="页面路由和导航测试 › 基础导航功能 › 应该能够通过导航菜单访问各个页面" classname="navigation.test.ts" time="1.376">
</testcase>
<testcase name="页面路由和导航测试 › 基础导航功能 › 应该支持面包屑导航" classname="navigation.test.ts" time="1.305">
</testcase>
<testcase name="页面路由和导航测试 › 基础导航功能 › 应该支持侧边栏导航" classname="navigation.test.ts" time="2.24">
</testcase>
<testcase name="页面路由和导航测试 › 多语言导航 › 应该支持语言切换" classname="navigation.test.ts" time="1.222">
</testcase>
<testcase name="页面路由和导航测试 › 多语言导航 › 应该在不同语言版本间保持页面结构" classname="navigation.test.ts" time="1.356">
</testcase>
<testcase name="页面路由和导航测试 › 多语言导航 › 应该在语言切换时保持当前页面路径" classname="navigation.test.ts" time="1.291">
</testcase>
<testcase name="页面路由和导航测试 › 响应式导航 › 应该在移动设备上显示汉堡菜单" classname="navigation.test.ts" time="1.259">
</testcase>
<testcase name="页面路由和导航测试 › 响应式导航 › 应该在平板设备上正确显示导航" classname="navigation.test.ts" time="2.26">
</testcase>
<testcase name="页面路由和导航测试 › URL 和深度链接 › 应该支持直接访问深层页面" classname="navigation.test.ts" time="1.76">
</testcase>
<testcase name="页面路由和导航测试 › URL 和深度链接 › 应该处理不存在的页面" classname="navigation.test.ts" time="1.652">
</testcase>
<testcase name="页面路由和导航测试 › URL 和深度链接 › 应该支持锚点链接" classname="navigation.test.ts" time="1.35">
</testcase>
<testcase name="页面路由和导航测试 › URL 和深度链接 › 应该支持查询参数" classname="navigation.test.ts" time="1.344">
</testcase>
<testcase name="页面路由和导航测试 › 导航性能 › 应该快速加载页面" classname="navigation.test.ts" time="2.247">
</testcase>
<testcase name="页面路由和导航测试 › 导航性能 › 应该支持预加载功能" classname="navigation.test.ts" time="1.467">
<system-out>
<![CDATA[Found 9 preload/prefetch links
]]>
</system-out>
<system-err>
<![CDATA[(node:44803) Warning: The 'NO_COLOR' env is ignored due to the 'FORCE_COLOR' env being set.
(Use `node --trace-warnings ...` to show where the warning was created)
]]>
</system-err>
</testcase>
<testcase name="页面路由和导航测试 › 导航状态管理 › 应该正确高亮当前页面的导航项" classname="navigation.test.ts" time="1.328">
</testcase>
<testcase name="页面路由和导航测试 › 导航状态管理 › 应该支持浏览器前进后退" classname="navigation.test.ts" time="1.613">
</testcase>
<testcase name="页面路由和导航测试 › 错误处理 › 应该优雅处理网络错误" classname="navigation.test.ts" time="5.037">
<failure message="navigation.test.ts:329:9 应该优雅处理网络错误" type="FAILURE">
<![CDATA[  [firefox] › navigation.test.ts:329:9 › 页面路由和导航测试 › 错误处理 › 应该优雅处理网络错误 ─────────────────────────────

    Error: expect(received).toContain(expected) // indexOf

    Expected substring: "net::ERR_INTERNET_DISCONNECTED"
    Received string:    "page.goto: NS_ERROR_OFFLINE
    Call log:
      - navigating to \"http://localhost:3000/en/guide/getting-started\", waiting until \"load\"
    "

      335 |       } catch (error) {
      336 |         // 验证错误处理
    > 337 |         expect(error.message).toContain('net::ERR_INTERNET_DISCONNECTED')
          |                               ^
      338 |       }
      339 |       
      340 |       // 恢复在线状态
        at /Users/liyanjie/VSCodeProjects/swit/docs/pages/tests/e2e/navigation.test.ts:337:31

    attachment #1: screenshot (image/png) ──────────────────────────────────────────────────────────
    ../e2e-results/navigation-页面路由和导航测试-错误处理-应该优雅处理网络错误-firefox/test-failed-1.png
    ────────────────────────────────────────────────────────────────────────────────────────────────

    attachment #2: video (video/webm) ──────────────────────────────────────────────────────────────
    ../e2e-results/navigation-页面路由和导航测试-错误处理-应该优雅处理网络错误-firefox/video.webm
    ────────────────────────────────────────────────────────────────────────────────────────────────

    Error Context: ../e2e-results/navigation-页面路由和导航测试-错误处理-应该优雅处理网络错误-firefox/error-context.md

    Retry #1 ───────────────────────────────────────────────────────────────────────────────────────

    Error: expect(received).toContain(expected) // indexOf

    Expected substring: "net::ERR_INTERNET_DISCONNECTED"
    Received string:    "page.goto: NS_ERROR_OFFLINE
    Call log:
      - navigating to \"http://localhost:3000/en/guide/getting-started\", waiting until \"load\"
    "

      335 |       } catch (error) {
      336 |         // 验证错误处理
    > 337 |         expect(error.message).toContain('net::ERR_INTERNET_DISCONNECTED')
          |                               ^
      338 |       }
      339 |       
      340 |       // 恢复在线状态
        at /Users/liyanjie/VSCodeProjects/swit/docs/pages/tests/e2e/navigation.test.ts:337:31

    attachment #1: screenshot (image/png) ──────────────────────────────────────────────────────────
    ../e2e-results/navigation-页面路由和导航测试-错误处理-应该优雅处理网络错误-firefox-retry1/test-failed-1.png
    ────────────────────────────────────────────────────────────────────────────────────────────────

    attachment #2: video (video/webm) ──────────────────────────────────────────────────────────────
    ../e2e-results/navigation-页面路由和导航测试-错误处理-应该优雅处理网络错误-firefox-retry1/video.webm
    ────────────────────────────────────────────────────────────────────────────────────────────────

    Error Context: ../e2e-results/navigation-页面路由和导航测试-错误处理-应该优雅处理网络错误-firefox-retry1/error-context.md

    attachment #4: trace (application/zip) ─────────────────────────────────────────────────────────
    ../e2e-results/navigation-页面路由和导航测试-错误处理-应该优雅处理网络错误-firefox-retry1/trace.zip
    Usage:

        npx playwright show-trace ../e2e-results/navigation-页面路由和导航测试-错误处理-应该优雅处理网络错误-firefox-retry1/trace.zip

    ────────────────────────────────────────────────────────────────────────────────────────────────

    Retry #2 ───────────────────────────────────────────────────────────────────────────────────────

    Error: expect(received).toContain(expected) // indexOf

    Expected substring: "net::ERR_INTERNET_DISCONNECTED"
    Received string:    "page.goto: NS_ERROR_OFFLINE
    Call log:
      - navigating to \"http://localhost:3000/en/guide/getting-started\", waiting until \"load\"
    "

      335 |       } catch (error) {
      336 |         // 验证错误处理
    > 337 |         expect(error.message).toContain('net::ERR_INTERNET_DISCONNECTED')
          |                               ^
      338 |       }
      339 |       
      340 |       // 恢复在线状态
        at /Users/liyanjie/VSCodeProjects/swit/docs/pages/tests/e2e/navigation.test.ts:337:31

    attachment #1: screenshot (image/png) ──────────────────────────────────────────────────────────
    ../e2e-results/navigation-页面路由和导航测试-错误处理-应该优雅处理网络错误-firefox-retry2/test-failed-1.png
    ────────────────────────────────────────────────────────────────────────────────────────────────

    attachment #2: video (video/webm) ──────────────────────────────────────────────────────────────
    ../e2e-results/navigation-页面路由和导航测试-错误处理-应该优雅处理网络错误-firefox-retry2/video.webm
    ────────────────────────────────────────────────────────────────────────────────────────────────

    Error Context: ../e2e-results/navigation-页面路由和导航测试-错误处理-应该优雅处理网络错误-firefox-retry2/error-context.md
]]>
</failure>
<system-err>
<![CDATA[
Warning: attachment ../e2e-results/navigation-页面路由和导航测试-错误处理-应该优雅处理网络错误-firefox/test-failed-1.png is missing
Warning: attachment ../e2e-results/navigation-页面路由和导航测试-错误处理-应该优雅处理网络错误-firefox/video.webm is missing
Warning: attachment ../e2e-results/navigation-页面路由和导航测试-错误处理-应该优雅处理网络错误-firefox/error-context.md is missing
Warning: attachment ../e2e-results/navigation-页面路由和导航测试-错误处理-应该优雅处理网络错误-firefox-retry1/test-failed-1.png is missing
Warning: attachment ../e2e-results/navigation-页面路由和导航测试-错误处理-应该优雅处理网络错误-firefox-retry1/video.webm is missing
Warning: attachment ../e2e-results/navigation-页面路由和导航测试-错误处理-应该优雅处理网络错误-firefox-retry1/error-context.md is missing
Warning: attachment ../e2e-results/navigation-页面路由和导航测试-错误处理-应该优雅处理网络错误-firefox-retry1/trace.zip is missing
Warning: attachment ../e2e-results/navigation-页面路由和导航测试-错误处理-应该优雅处理网络错误-firefox-retry2/test-failed-1.png is missing
Warning: attachment ../e2e-results/navigation-页面路由和导航测试-错误处理-应该优雅处理网络错误-firefox-retry2/video.webm is missing
Warning: attachment ../e2e-results/navigation-页面路由和导航测试-错误处理-应该优雅处理网络错误-firefox-retry2/error-context.md is missing]]>
</system-err>
</testcase>
<testcase name="页面路由和导航测试 › 错误处理 › 应该处理慢速网络" classname="navigation.test.ts" time="8.608">
</testcase>
</testsuite>
<testsuite name="search.test.ts" timestamp="2025-09-27T17:11:12.721Z" hostname="firefox" tests="17" failures="0" skipped="0" time="32.382" errors="0">
<testcase name="搜索功能测试 › 搜索界面 › 应该显示搜索按钮或输入框" classname="search.test.ts" time="1.108">
<system-err>
<![CDATA[⚠️  No search interface found on the page
(node:45851) Warning: The 'NO_COLOR' env is ignored due to the 'FORCE_COLOR' env being set.
(Use `node --trace-warnings ...` to show where the warning was created)
]]>
</system-err>
</testcase>
<testcase name="搜索功能测试 › 搜索界面 › 应该能够打开搜索模态框" classname="search.test.ts" time="1.206">
<system-err>
<![CDATA[⚠️  Could not open search modal
]]>
</system-err>
</testcase>
<testcase name="搜索功能测试 › 搜索功能 › 应该能够执行基本搜索" classname="search.test.ts" time="2.192">
</testcase>
<testcase name="搜索功能测试 › 搜索功能 › 应该支持中文搜索" classname="search.test.ts" time="2.379">
</testcase>
<testcase name="搜索功能测试 › 搜索功能 › 应该高亮搜索关键词" classname="search.test.ts" time="2.134">
</testcase>
<testcase name="搜索功能测试 › 搜索功能 › 应该支持搜索结果导航" classname="search.test.ts" time="2.102">
</testcase>
<testcase name="搜索功能测试 › 搜索功能 › 应该处理空搜索结果" classname="search.test.ts" time="2.104">
</testcase>
<testcase name="搜索功能测试 › 搜索快捷键 › 应该支持 Ctrl+K 快捷键" classname="search.test.ts" time="1.655">
</testcase>
<testcase name="搜索功能测试 › 搜索快捷键 › 应该支持 / 快捷键" classname="search.test.ts" time="1.735">
</testcase>
<testcase name="搜索功能测试 › 搜索快捷键 › 应该在输入框聚焦时显示快捷键提示" classname="search.test.ts" time="1.109">
</testcase>
<testcase name="搜索功能测试 › 搜索性能 › 应该快速返回搜索结果" classname="search.test.ts" time="2.123">
</testcase>
<testcase name="搜索功能测试 › 搜索性能 › 应该支持搜索结果缓存" classname="search.test.ts" time="2.058">
</testcase>
<testcase name="搜索功能测试 › 搜索可访问性 › 应该支持键盘导航" classname="search.test.ts" time="2.096">
</testcase>
<testcase name="搜索功能测试 › 搜索可访问性 › 应该包含适当的 ARIA 标签" classname="search.test.ts" time="2.109">
</testcase>
<testcase name="搜索功能测试 › 搜索可访问性 › 应该支持屏幕阅读器" classname="search.test.ts" time="2.094">
</testcase>
<testcase name="搜索功能测试 › 搜索过滤和分类 › 应该支持按内容类型过滤" classname="search.test.ts" time="2.1">
</testcase>
<testcase name="搜索功能测试 › 搜索过滤和分类 › 应该显示搜索建议" classname="search.test.ts" time="2.078">
</testcase>
</testsuite>
<testsuite name="deployment-examples.test.ts" timestamp="2025-09-27T17:11:12.721Z" hostname="webkit" tests="2" failures="0" skipped="0" time="0.776" errors="0">
<testcase name="Deployment Examples Pages › English page is accessible and has key sections" classname="deployment-examples.test.ts" time="0.45">
</testcase>
<testcase name="Deployment Examples Pages › Chinese page is accessible and has key sections" classname="deployment-examples.test.ts" time="0.326">
</testcase>
</testsuite>
<testsuite name="navigation.test.ts" timestamp="2025-09-27T17:11:12.721Z" hostname="webkit" tests="19" failures="4" skipped="0" time="56.006" errors="0">
<testcase name="页面路由和导航测试 › 基础导航功能 › 应该正确加载首页" classname="navigation.test.ts" time="1.043">
</testcase>
<testcase name="页面路由和导航测试 › 基础导航功能 › 应该能够通过导航菜单访问各个页面" classname="navigation.test.ts" time="1.066">
</testcase>
<testcase name="页面路由和导航测试 › 基础导航功能 › 应该支持面包屑导航" classname="navigation.test.ts" time="0.292">
</testcase>
<testcase name="页面路由和导航测试 › 基础导航功能 › 应该支持侧边栏导航" classname="navigation.test.ts" time="0.806">
</testcase>
<testcase name="页面路由和导航测试 › 多语言导航 › 应该支持语言切换" classname="navigation.test.ts" time="3.24">
<failure message="navigation.test.ts:83:9 应该支持语言切换" type="FAILURE">
<![CDATA[  [webkit] › navigation.test.ts:83:9 › 页面路由和导航测试 › 多语言导航 › 应该支持语言切换 ────────────────────────────────

    Error: locator.count: Execution context was destroyed, most likely because of a navigation

      85 |       const langSwitcher = page.locator('[data-testid="language-switcher"], .language-switcher, [aria-label*="language"]')
      86 |       
    > 87 |       if (await langSwitcher.count() > 0) {
         |                              ^
      88 |         // 切换到中文
      89 |         await langSwitcher.click()
      90 |         const chineseOption = page.locator('text=中文, text=Chinese').first()
        at /Users/liyanjie/VSCodeProjects/swit/docs/pages/tests/e2e/navigation.test.ts:87:30

    attachment #1: screenshot (image/png) ──────────────────────────────────────────────────────────
    ../e2e-results/navigation-页面路由和导航测试-多语言导航-应该支持语言切换-webkit/test-failed-1.png
    ────────────────────────────────────────────────────────────────────────────────────────────────

    attachment #2: video (video/webm) ──────────────────────────────────────────────────────────────
    ../e2e-results/navigation-页面路由和导航测试-多语言导航-应该支持语言切换-webkit/video.webm
    ────────────────────────────────────────────────────────────────────────────────────────────────

    Error Context: ../e2e-results/navigation-页面路由和导航测试-多语言导航-应该支持语言切换-webkit/error-context.md

    Retry #1 ───────────────────────────────────────────────────────────────────────────────────────

    Error: locator.count: Execution context was destroyed, most likely because of a navigation

      85 |       const langSwitcher = page.locator('[data-testid="language-switcher"], .language-switcher, [aria-label*="language"]')
      86 |       
    > 87 |       if (await langSwitcher.count() > 0) {
         |                              ^
      88 |         // 切换到中文
      89 |         await langSwitcher.click()
      90 |         const chineseOption = page.locator('text=中文, text=Chinese').first()
        at /Users/liyanjie/VSCodeProjects/swit/docs/pages/tests/e2e/navigation.test.ts:87:30

    attachment #1: screenshot (image/png) ──────────────────────────────────────────────────────────
    ../e2e-results/navigation-页面路由和导航测试-多语言导航-应该支持语言切换-webkit-retry1/test-failed-1.png
    ────────────────────────────────────────────────────────────────────────────────────────────────

    attachment #2: video (video/webm) ──────────────────────────────────────────────────────────────
    ../e2e-results/navigation-页面路由和导航测试-多语言导航-应该支持语言切换-webkit-retry1/video.webm
    ────────────────────────────────────────────────────────────────────────────────────────────────

    Error Context: ../e2e-results/navigation-页面路由和导航测试-多语言导航-应该支持语言切换-webkit-retry1/error-context.md

    attachment #4: trace (application/zip) ─────────────────────────────────────────────────────────
    ../e2e-results/navigation-页面路由和导航测试-多语言导航-应该支持语言切换-webkit-retry1/trace.zip
    Usage:

        npx playwright show-trace ../e2e-results/navigation-页面路由和导航测试-多语言导航-应该支持语言切换-webkit-retry1/trace.zip

    ────────────────────────────────────────────────────────────────────────────────────────────────

    Retry #2 ───────────────────────────────────────────────────────────────────────────────────────

    Error: locator.count: Execution context was destroyed, most likely because of a navigation

      85 |       const langSwitcher = page.locator('[data-testid="language-switcher"], .language-switcher, [aria-label*="language"]')
      86 |       
    > 87 |       if (await langSwitcher.count() > 0) {
         |                              ^
      88 |         // 切换到中文
      89 |         await langSwitcher.click()
      90 |         const chineseOption = page.locator('text=中文, text=Chinese').first()
        at /Users/liyanjie/VSCodeProjects/swit/docs/pages/tests/e2e/navigation.test.ts:87:30

    attachment #1: screenshot (image/png) ──────────────────────────────────────────────────────────
    ../e2e-results/navigation-页面路由和导航测试-多语言导航-应该支持语言切换-webkit-retry2/test-failed-1.png
    ────────────────────────────────────────────────────────────────────────────────────────────────

    attachment #2: video (video/webm) ──────────────────────────────────────────────────────────────
    ../e2e-results/navigation-页面路由和导航测试-多语言导航-应该支持语言切换-webkit-retry2/video.webm
    ────────────────────────────────────────────────────────────────────────────────────────────────

    Error Context: ../e2e-results/navigation-页面路由和导航测试-多语言导航-应该支持语言切换-webkit-retry2/error-context.md
]]>
</failure>
<system-err>
<![CDATA[
Warning: attachment ../e2e-results/navigation-页面路由和导航测试-多语言导航-应该支持语言切换-webkit/test-failed-1.png is missing
Warning: attachment ../e2e-results/navigation-页面路由和导航测试-多语言导航-应该支持语言切换-webkit/video.webm is missing
Warning: attachment ../e2e-results/navigation-页面路由和导航测试-多语言导航-应该支持语言切换-webkit/error-context.md is missing
Warning: attachment ../e2e-results/navigation-页面路由和导航测试-多语言导航-应该支持语言切换-webkit-retry1/test-failed-1.png is missing
Warning: attachment ../e2e-results/navigation-页面路由和导航测试-多语言导航-应该支持语言切换-webkit-retry1/video.webm is missing
Warning: attachment ../e2e-results/navigation-页面路由和导航测试-多语言导航-应该支持语言切换-webkit-retry1/error-context.md is missing
Warning: attachment ../e2e-results/navigation-页面路由和导航测试-多语言导航-应该支持语言切换-webkit-retry1/trace.zip is missing
Warning: attachment ../e2e-results/navigation-页面路由和导航测试-多语言导航-应该支持语言切换-webkit-retry2/test-failed-1.png is missing
Warning: attachment ../e2e-results/navigation-页面路由和导航测试-多语言导航-应该支持语言切换-webkit-retry2/video.webm is missing
Warning: attachment ../e2e-results/navigation-页面路由和导航测试-多语言导航-应该支持语言切换-webkit-retry2/error-context.md is missing]]>
</system-err>
</testcase>
<testcase name="页面路由和导航测试 › 多语言导航 › 应该在不同语言版本间保持页面结构" classname="navigation.test.ts" time="0.525">
</testcase>
<testcase name="页面路由和导航测试 › 多语言导航 › 应该在语言切换时保持当前页面路径" classname="navigation.test.ts" time="1.159">
</testcase>
<testcase name="页面路由和导航测试 › 响应式导航 › 应该在移动设备上显示汉堡菜单" classname="navigation.test.ts" time="0.174">
</testcase>
<testcase name="页面路由和导航测试 › 响应式导航 › 应该在平板设备上正确显示导航" classname="navigation.test.ts" time="22.98">
<failure message="navigation.test.ts:153:9 应该在平板设备上正确显示导航" type="FAILURE">
<![CDATA[  [webkit] › navigation.test.ts:153:9 › 页面路由和导航测试 › 响应式导航 › 应该在平板设备上正确显示导航 ─────────────────────────

    Error: page.reload: Frame load interrupted
    Call log:
      - waiting for navigation until "load"


      154 |       // 设置平板视口
      155 |       await page.setViewportSize({ width: 768, height: 1024 })
    > 156 |       await page.reload()
          |                  ^
      157 |       
      158 |       // 验证导航可见性
      159 |       const nav = page.locator('nav')
        at /Users/liyanjie/VSCodeProjects/swit/docs/pages/tests/e2e/navigation.test.ts:156:18

    attachment #1: screenshot (image/png) ──────────────────────────────────────────────────────────
    ../e2e-results/navigation-页面路由和导航测试-响应式导航-应该在平板设备上正确显示导航-webkit/test-failed-1.png
    ────────────────────────────────────────────────────────────────────────────────────────────────

    attachment #2: video (video/webm) ──────────────────────────────────────────────────────────────
    ../e2e-results/navigation-页面路由和导航测试-响应式导航-应该在平板设备上正确显示导航-webkit/video.webm
    ────────────────────────────────────────────────────────────────────────────────────────────────

    Error Context: ../e2e-results/navigation-页面路由和导航测试-响应式导航-应该在平板设备上正确显示导航-webkit/error-context.md

    Retry #1 ───────────────────────────────────────────────────────────────────────────────────────

    Error: Timed out 10000ms waiting for expect(locator).toBeVisible()

    Locator: locator('nav')
    Expected: visible
    Received: hidden
    Call log:
      - Expect "toBeVisible" with timeout 10000ms
      - waiting for locator('nav')
        14 × locator resolved to <nav data-v-9fd4d1dd="" data-v-afb2845e="" class="VPNavBarMenu menu" aria-labelledby="main-nav-aria-label">…</nav>
           - unexpected value "hidden"


      158 |       // 验证导航可见性
      159 |       const nav = page.locator('nav')
    > 160 |       await expect(nav).toBeVisible()
          |                         ^
      161 |       
      162 |       // 验证菜单项可点击
      163 |       const navLinks = nav.locator('a')
        at /Users/liyanjie/VSCodeProjects/swit/docs/pages/tests/e2e/navigation.test.ts:160:25

    attachment #1: screenshot (image/png) ──────────────────────────────────────────────────────────
    ../e2e-results/navigation-页面路由和导航测试-响应式导航-应该在平板设备上正确显示导航-webkit-retry1/test-failed-1.png
    ────────────────────────────────────────────────────────────────────────────────────────────────

    attachment #2: video (video/webm) ──────────────────────────────────────────────────────────────
    ../e2e-results/navigation-页面路由和导航测试-响应式导航-应该在平板设备上正确显示导航-webkit-retry1/video.webm
    ────────────────────────────────────────────────────────────────────────────────────────────────

    Error Context: ../e2e-results/navigation-页面路由和导航测试-响应式导航-应该在平板设备上正确显示导航-webkit-retry1/error-context.md

    attachment #4: trace (application/zip) ─────────────────────────────────────────────────────────
    ../e2e-results/navigation-页面路由和导航测试-响应式导航-应该在平板设备上正确显示导航-webkit-retry1/trace.zip
    Usage:

        npx playwright show-trace ../e2e-results/navigation-页面路由和导航测试-响应式导航-应该在平板设备上正确显示导航-webkit-retry1/trace.zip

    ────────────────────────────────────────────────────────────────────────────────────────────────

    Retry #2 ───────────────────────────────────────────────────────────────────────────────────────

    Error: Timed out 10000ms waiting for expect(locator).toBeVisible()

    Locator: locator('nav')
    Expected: visible
    Received: hidden
    Call log:
      - Expect "toBeVisible" with timeout 10000ms
      - waiting for locator('nav')
        14 × locator resolved to <nav data-v-9fd4d1dd="" data-v-afb2845e="" class="VPNavBarMenu menu" aria-labelledby="main-nav-aria-label">…</nav>
           - unexpected value "hidden"


      158 |       // 验证导航可见性
      159 |       const nav = page.locator('nav')
    > 160 |       await expect(nav).toBeVisible()
          |                         ^
      161 |       
      162 |       // 验证菜单项可点击
      163 |       const navLinks = nav.locator('a')
        at /Users/liyanjie/VSCodeProjects/swit/docs/pages/tests/e2e/navigation.test.ts:160:25

    attachment #1: screenshot (image/png) ──────────────────────────────────────────────────────────
    ../e2e-results/navigation-页面路由和导航测试-响应式导航-应该在平板设备上正确显示导航-webkit-retry2/test-failed-1.png
    ────────────────────────────────────────────────────────────────────────────────────────────────

    attachment #2: video (video/webm) ──────────────────────────────────────────────────────────────
    ../e2e-results/navigation-页面路由和导航测试-响应式导航-应该在平板设备上正确显示导航-webkit-retry2/video.webm
    ────────────────────────────────────────────────────────────────────────────────────────────────

    Error Context: ../e2e-results/navigation-页面路由和导航测试-响应式导航-应该在平板设备上正确显示导航-webkit-retry2/error-context.md
]]>
</failure>
<system-err>
<![CDATA[
Warning: attachment ../e2e-results/navigation-页面路由和导航测试-响应式导航-应该在平板设备上正确显示导航-webkit/test-failed-1.png is missing
Warning: attachment ../e2e-results/navigation-页面路由和导航测试-响应式导航-应该在平板设备上正确显示导航-webkit/video.webm is missing
Warning: attachment ../e2e-results/navigation-页面路由和导航测试-响应式导航-应该在平板设备上正确显示导航-webkit/error-context.md is missing
Warning: attachment ../e2e-results/navigation-页面路由和导航测试-响应式导航-应该在平板设备上正确显示导航-webkit-retry1/test-failed-1.png is missing
Warning: attachment ../e2e-results/navigation-页面路由和导航测试-响应式导航-应该在平板设备上正确显示导航-webkit-retry1/video.webm is missing
Warning: attachment ../e2e-results/navigation-页面路由和导航测试-响应式导航-应该在平板设备上正确显示导航-webkit-retry1/error-context.md is missing
Warning: attachment ../e2e-results/navigation-页面路由和导航测试-响应式导航-应该在平板设备上正确显示导航-webkit-retry1/trace.zip is missing
Warning: attachment ../e2e-results/navigation-页面路由和导航测试-响应式导航-应该在平板设备上正确显示导航-webkit-retry2/test-failed-1.png is missing
Warning: attachment ../e2e-results/navigation-页面路由和导航测试-响应式导航-应该在平板设备上正确显示导航-webkit-retry2/video.webm is missing
Warning: attachment ../e2e-results/navigation-页面路由和导航测试-响应式导航-应该在平板设备上正确显示导航-webkit-retry2/error-context.md is missing]]>
</system-err>
</testcase>
<testcase name="页面路由和导航测试 › URL 和深度链接 › 应该支持直接访问深层页面" classname="navigation.test.ts" time="0.775">
</testcase>
<testcase name="页面路由和导航测试 › URL 和深度链接 › 应该处理不存在的页面" classname="navigation.test.ts" time="0.774">
</testcase>
<testcase name="页面路由和导航测试 › URL 和深度链接 › 应该支持锚点链接" classname="navigation.test.ts" time="0.37">
</testcase>
<testcase name="页面路由和导航测试 › URL 和深度链接 › 应该支持查询参数" classname="navigation.test.ts" time="0.292">
</testcase>
<testcase name="页面路由和导航测试 › 导航性能 › 应该快速加载页面" classname="navigation.test.ts" time="0.811">
</testcase>
<testcase name="页面路由和导航测试 › 导航性能 › 应该支持预加载功能" classname="navigation.test.ts" time="3.47">
<failure message="navigation.test.ts:265:9 应该支持预加载功能" type="FAILURE">
<![CDATA[  [webkit] › navigation.test.ts:265:9 › 页面路由和导航测试 › 导航性能 › 应该支持预加载功能 ───────────────────────────────

    Error: locator.count: Execution context was destroyed, most likely because of a navigation

      268 |       // 检查是否有预加载链接
      269 |       const preloadLinks = page.locator('link[rel="preload"], link[rel="prefetch"]')
    > 270 |       const preloadCount = await preloadLinks.count()
          |                                               ^
      271 |       
      272 |       if (preloadCount > 0) {
      273 |         console.log(`Found ${preloadCount} preload/prefetch links`)
        at /Users/liyanjie/VSCodeProjects/swit/docs/pages/tests/e2e/navigation.test.ts:270:47

    attachment #1: screenshot (image/png) ──────────────────────────────────────────────────────────
    ../e2e-results/navigation-页面路由和导航测试-导航性能-应该支持预加载功能-webkit/test-failed-1.png
    ────────────────────────────────────────────────────────────────────────────────────────────────

    attachment #2: video (video/webm) ──────────────────────────────────────────────────────────────
    ../e2e-results/navigation-页面路由和导航测试-导航性能-应该支持预加载功能-webkit/video.webm
    ────────────────────────────────────────────────────────────────────────────────────────────────

    Error Context: ../e2e-results/navigation-页面路由和导航测试-导航性能-应该支持预加载功能-webkit/error-context.md

    Retry #1 ───────────────────────────────────────────────────────────────────────────────────────

    Error: locator.count: Execution context was destroyed, most likely because of a navigation

      268 |       // 检查是否有预加载链接
      269 |       const preloadLinks = page.locator('link[rel="preload"], link[rel="prefetch"]')
    > 270 |       const preloadCount = await preloadLinks.count()
          |                                               ^
      271 |       
      272 |       if (preloadCount > 0) {
      273 |         console.log(`Found ${preloadCount} preload/prefetch links`)
        at /Users/liyanjie/VSCodeProjects/swit/docs/pages/tests/e2e/navigation.test.ts:270:47

    attachment #1: screenshot (image/png) ──────────────────────────────────────────────────────────
    ../e2e-results/navigation-页面路由和导航测试-导航性能-应该支持预加载功能-webkit-retry1/test-failed-1.png
    ────────────────────────────────────────────────────────────────────────────────────────────────

    attachment #2: video (video/webm) ──────────────────────────────────────────────────────────────
    ../e2e-results/navigation-页面路由和导航测试-导航性能-应该支持预加载功能-webkit-retry1/video.webm
    ────────────────────────────────────────────────────────────────────────────────────────────────

    Error Context: ../e2e-results/navigation-页面路由和导航测试-导航性能-应该支持预加载功能-webkit-retry1/error-context.md

    attachment #4: trace (application/zip) ─────────────────────────────────────────────────────────
    ../e2e-results/navigation-页面路由和导航测试-导航性能-应该支持预加载功能-webkit-retry1/trace.zip
    Usage:

        npx playwright show-trace ../e2e-results/navigation-页面路由和导航测试-导航性能-应该支持预加载功能-webkit-retry1/trace.zip

    ────────────────────────────────────────────────────────────────────────────────────────────────

    Retry #2 ───────────────────────────────────────────────────────────────────────────────────────

    Error: locator.count: Execution context was destroyed, most likely because of a navigation

      268 |       // 检查是否有预加载链接
      269 |       const preloadLinks = page.locator('link[rel="preload"], link[rel="prefetch"]')
    > 270 |       const preloadCount = await preloadLinks.count()
          |                                               ^
      271 |       
      272 |       if (preloadCount > 0) {
      273 |         console.log(`Found ${preloadCount} preload/prefetch links`)
        at /Users/liyanjie/VSCodeProjects/swit/docs/pages/tests/e2e/navigation.test.ts:270:47

    attachment #1: screenshot (image/png) ──────────────────────────────────────────────────────────
    ../e2e-results/navigation-页面路由和导航测试-导航性能-应该支持预加载功能-webkit-retry2/test-failed-1.png
    ────────────────────────────────────────────────────────────────────────────────────────────────

    attachment #2: video (video/webm) ──────────────────────────────────────────────────────────────
    ../e2e-results/navigation-页面路由和导航测试-导航性能-应该支持预加载功能-webkit-retry2/video.webm
    ────────────────────────────────────────────────────────────────────────────────────────────────

    Error Context: ../e2e-results/navigation-页面路由和导航测试-导航性能-应该支持预加载功能-webkit-retry2/error-context.md
]]>
</failure>
<system-err>
<![CDATA[
Warning: attachment ../e2e-results/navigation-页面路由和导航测试-导航性能-应该支持预加载功能-webkit/test-failed-1.png is missing
Warning: attachment ../e2e-results/navigation-页面路由和导航测试-导航性能-应该支持预加载功能-webkit/video.webm is missing
Warning: attachment ../e2e-results/navigation-页面路由和导航测试-导航性能-应该支持预加载功能-webkit/error-context.md is missing
Warning: attachment ../e2e-results/navigation-页面路由和导航测试-导航性能-应该支持预加载功能-webkit-retry1/test-failed-1.png is missing
Warning: attachment ../e2e-results/navigation-页面路由和导航测试-导航性能-应该支持预加载功能-webkit-retry1/video.webm is missing
Warning: attachment ../e2e-results/navigation-页面路由和导航测试-导航性能-应该支持预加载功能-webkit-retry1/error-context.md is missing
Warning: attachment ../e2e-results/navigation-页面路由和导航测试-导航性能-应该支持预加载功能-webkit-retry1/trace.zip is missing
Warning: attachment ../e2e-results/navigation-页面路由和导航测试-导航性能-应该支持预加载功能-webkit-retry2/test-failed-1.png is missing
Warning: attachment ../e2e-results/navigation-页面路由和导航测试-导航性能-应该支持预加载功能-webkit-retry2/video.webm is missing
Warning: attachment ../e2e-results/navigation-页面路由和导航测试-导航性能-应该支持预加载功能-webkit-retry2/error-context.md is missing]]>
</system-err>
</testcase>
<testcase name="页面路由和导航测试 › 导航状态管理 › 应该正确高亮当前页面的导航项" classname="navigation.test.ts" time="0.466">
</testcase>
<testcase name="页面路由和导航测试 › 导航状态管理 › 应该支持浏览器前进后退" classname="navigation.test.ts" time="1.02">
</testcase>
<testcase name="页面路由和导航测试 › 错误处理 › 应该优雅处理网络错误" classname="navigation.test.ts" time="11.896">
<failure message="navigation.test.ts:329:9 应该优雅处理网络错误" type="FAILURE">
<![CDATA[  [webkit] › navigation.test.ts:329:9 › 页面路由和导航测试 › 错误处理 › 应该优雅处理网络错误 ──────────────────────────────

    Error: expect(received).toContain(expected) // indexOf

    Expected substring: "net::ERR_INTERNET_DISCONNECTED"
    Received string:    "page.goto: WebKit encountered an internal error
    Call log:
      - navigating to \"http://localhost:3000/en/guide/getting-started\", waiting until \"load\"
    "

      335 |       } catch (error) {
      336 |         // 验证错误处理
    > 337 |         expect(error.message).toContain('net::ERR_INTERNET_DISCONNECTED')
          |                               ^
      338 |       }
      339 |       
      340 |       // 恢复在线状态
        at /Users/liyanjie/VSCodeProjects/swit/docs/pages/tests/e2e/navigation.test.ts:337:31

    attachment #1: screenshot (image/png) ──────────────────────────────────────────────────────────
    ../e2e-results/navigation-页面路由和导航测试-错误处理-应该优雅处理网络错误-webkit/test-failed-1.png
    ────────────────────────────────────────────────────────────────────────────────────────────────

    attachment #2: video (video/webm) ──────────────────────────────────────────────────────────────
    ../e2e-results/navigation-页面路由和导航测试-错误处理-应该优雅处理网络错误-webkit/video.webm
    ────────────────────────────────────────────────────────────────────────────────────────────────

    Retry #1 ───────────────────────────────────────────────────────────────────────────────────────

    Error: expect(received).toContain(expected) // indexOf

    Expected substring: "net::ERR_INTERNET_DISCONNECTED"
    Received string:    "page.goto: WebKit encountered an internal error
    Call log:
      - navigating to \"http://localhost:3000/en/guide/getting-started\", waiting until \"load\"
    "

      335 |       } catch (error) {
      336 |         // 验证错误处理
    > 337 |         expect(error.message).toContain('net::ERR_INTERNET_DISCONNECTED')
          |                               ^
      338 |       }
      339 |       
      340 |       // 恢复在线状态
        at /Users/liyanjie/VSCodeProjects/swit/docs/pages/tests/e2e/navigation.test.ts:337:31

    attachment #1: video (video/webm) ──────────────────────────────────────────────────────────────
    ../e2e-results/navigation-页面路由和导航测试-错误处理-应该优雅处理网络错误-webkit-retry1/video.webm
    ────────────────────────────────────────────────────────────────────────────────────────────────

    Error Context: ../e2e-results/navigation-页面路由和导航测试-错误处理-应该优雅处理网络错误-webkit-retry1/error-context.md

    attachment #3: trace (application/zip) ─────────────────────────────────────────────────────────
    ../e2e-results/navigation-页面路由和导航测试-错误处理-应该优雅处理网络错误-webkit-retry1/trace.zip
    Usage:

        npx playwright show-trace ../e2e-results/navigation-页面路由和导航测试-错误处理-应该优雅处理网络错误-webkit-retry1/trace.zip

    ────────────────────────────────────────────────────────────────────────────────────────────────

    Retry #2 ───────────────────────────────────────────────────────────────────────────────────────

    Error: expect(received).toContain(expected) // indexOf

    Expected substring: "net::ERR_INTERNET_DISCONNECTED"
    Received string:    "page.goto: WebKit encountered an internal error
    Call log:
      - navigating to \"http://localhost:3000/en/guide/getting-started\", waiting until \"load\"
    "

      335 |       } catch (error) {
      336 |         // 验证错误处理
    > 337 |         expect(error.message).toContain('net::ERR_INTERNET_DISCONNECTED')
          |                               ^
      338 |       }
      339 |       
      340 |       // 恢复在线状态
        at /Users/liyanjie/VSCodeProjects/swit/docs/pages/tests/e2e/navigation.test.ts:337:31

    attachment #1: screenshot (image/png) ──────────────────────────────────────────────────────────
    ../e2e-results/navigation-页面路由和导航测试-错误处理-应该优雅处理网络错误-webkit-retry2/test-failed-1.png
    ────────────────────────────────────────────────────────────────────────────────────────────────

    attachment #2: video (video/webm) ──────────────────────────────────────────────────────────────
    ../e2e-results/navigation-页面路由和导航测试-错误处理-应该优雅处理网络错误-webkit-retry2/video.webm
    ────────────────────────────────────────────────────────────────────────────────────────────────

    Error Context: ../e2e-results/navigation-页面路由和导航测试-错误处理-应该优雅处理网络错误-webkit-retry2/error-context.md
]]>
</failure>
<system-err>
<![CDATA[
Warning: attachment ../e2e-results/navigation-页面路由和导航测试-错误处理-应该优雅处理网络错误-webkit/test-failed-1.png is missing
Warning: attachment ../e2e-results/navigation-页面路由和导航测试-错误处理-应该优雅处理网络错误-webkit/video.webm is missing
Warning: attachment ../e2e-results/navigation-页面路由和导航测试-错误处理-应该优雅处理网络错误-webkit-retry1/video.webm is missing
Warning: attachment ../e2e-results/navigation-页面路由和导航测试-错误处理-应该优雅处理网络错误-webkit-retry1/error-context.md is missing
Warning: attachment ../e2e-results/navigation-页面路由和导航测试-错误处理-应该优雅处理网络错误-webkit-retry1/trace.zip is missing
Warning: attachment ../e2e-results/navigation-页面路由和导航测试-错误处理-应该优雅处理网络错误-webkit-retry2/test-failed-1.png is missing
Warning: attachment ../e2e-results/navigation-页面路由和导航测试-错误处理-应该优雅处理网络错误-webkit-retry2/video.webm is missing
Warning: attachment ../e2e-results/navigation-页面路由和导航测试-错误处理-应该优雅处理网络错误-webkit-retry2/error-context.md is missing]]>
</system-err>
</testcase>
<testcase name="页面路由和导航测试 › 错误处理 › 应该处理慢速网络" classname="navigation.test.ts" time="4.847">
</testcase>
</testsuite>
<testsuite name="search.test.ts" timestamp="2025-09-27T17:11:12.721Z" hostname="webkit" tests="17" failures="7" skipped="0" time="47.753" errors="0">
<testcase name="搜索功能测试 › 搜索界面 › 应该显示搜索按钮或输入框" classname="search.test.ts" time="3.641">
<failure message="search.test.ts:42:9 应该显示搜索按钮或输入框" type="FAILURE">
<![CDATA[  [webkit] › search.test.ts:42:9 › 搜索功能测试 › 搜索界面 › 应该显示搜索按钮或输入框 ────────────────────────────────────

    Error: locator.count: Execution context was destroyed, most likely because of a navigation

      54 |       for (const selector of searchElements) {
      55 |         const element = page.locator(selector)
    > 56 |         if (await element.count() > 0) {
         |                           ^
      57 |           if (await element.first().isVisible()) {
      58 |             searchFound = true
      59 |             break
        at /Users/liyanjie/VSCodeProjects/swit/docs/pages/tests/e2e/search.test.ts:56:27

    attachment #1: screenshot (image/png) ──────────────────────────────────────────────────────────
    ../e2e-results/search-搜索功能测试-搜索界面-应该显示搜索按钮或输入框-webkit/test-failed-1.png
    ────────────────────────────────────────────────────────────────────────────────────────────────

    attachment #2: video (video/webm) ──────────────────────────────────────────────────────────────
    ../e2e-results/search-搜索功能测试-搜索界面-应该显示搜索按钮或输入框-webkit/video.webm
    ────────────────────────────────────────────────────────────────────────────────────────────────

    Error Context: ../e2e-results/search-搜索功能测试-搜索界面-应该显示搜索按钮或输入框-webkit/error-context.md

    Retry #1 ───────────────────────────────────────────────────────────────────────────────────────

    Error: locator.count: Execution context was destroyed, most likely because of a navigation

      54 |       for (const selector of searchElements) {
      55 |         const element = page.locator(selector)
    > 56 |         if (await element.count() > 0) {
         |                           ^
      57 |           if (await element.first().isVisible()) {
      58 |             searchFound = true
      59 |             break
        at /Users/liyanjie/VSCodeProjects/swit/docs/pages/tests/e2e/search.test.ts:56:27

    attachment #1: screenshot (image/png) ──────────────────────────────────────────────────────────
    ../e2e-results/search-搜索功能测试-搜索界面-应该显示搜索按钮或输入框-webkit-retry1/test-failed-1.png
    ────────────────────────────────────────────────────────────────────────────────────────────────

    attachment #2: video (video/webm) ──────────────────────────────────────────────────────────────
    ../e2e-results/search-搜索功能测试-搜索界面-应该显示搜索按钮或输入框-webkit-retry1/video.webm
    ────────────────────────────────────────────────────────────────────────────────────────────────

    Error Context: ../e2e-results/search-搜索功能测试-搜索界面-应该显示搜索按钮或输入框-webkit-retry1/error-context.md

    attachment #4: trace (application/zip) ─────────────────────────────────────────────────────────
    ../e2e-results/search-搜索功能测试-搜索界面-应该显示搜索按钮或输入框-webkit-retry1/trace.zip
    Usage:

        npx playwright show-trace ../e2e-results/search-搜索功能测试-搜索界面-应该显示搜索按钮或输入框-webkit-retry1/trace.zip

    ────────────────────────────────────────────────────────────────────────────────────────────────

    Retry #2 ───────────────────────────────────────────────────────────────────────────────────────

    Error: locator.count: Execution context was destroyed, most likely because of a navigation

      54 |       for (const selector of searchElements) {
      55 |         const element = page.locator(selector)
    > 56 |         if (await element.count() > 0) {
         |                           ^
      57 |           if (await element.first().isVisible()) {
      58 |             searchFound = true
      59 |             break
        at /Users/liyanjie/VSCodeProjects/swit/docs/pages/tests/e2e/search.test.ts:56:27

    attachment #1: screenshot (image/png) ──────────────────────────────────────────────────────────
    ../e2e-results/search-搜索功能测试-搜索界面-应该显示搜索按钮或输入框-webkit-retry2/test-failed-1.png
    ────────────────────────────────────────────────────────────────────────────────────────────────

    attachment #2: video (video/webm) ──────────────────────────────────────────────────────────────
    ../e2e-results/search-搜索功能测试-搜索界面-应该显示搜索按钮或输入框-webkit-retry2/video.webm
    ────────────────────────────────────────────────────────────────────────────────────────────────

    Error Context: ../e2e-results/search-搜索功能测试-搜索界面-应该显示搜索按钮或输入框-webkit-retry2/error-context.md
]]>
</failure>
<system-err>
<![CDATA[
Warning: attachment ../e2e-results/search-搜索功能测试-搜索界面-应该显示搜索按钮或输入框-webkit/test-failed-1.png is missing
Warning: attachment ../e2e-results/search-搜索功能测试-搜索界面-应该显示搜索按钮或输入框-webkit/video.webm is missing
Warning: attachment ../e2e-results/search-搜索功能测试-搜索界面-应该显示搜索按钮或输入框-webkit/error-context.md is missing
Warning: attachment ../e2e-results/search-搜索功能测试-搜索界面-应该显示搜索按钮或输入框-webkit-retry1/test-failed-1.png is missing
Warning: attachment ../e2e-results/search-搜索功能测试-搜索界面-应该显示搜索按钮或输入框-webkit-retry1/video.webm is missing
Warning: attachment ../e2e-results/search-搜索功能测试-搜索界面-应该显示搜索按钮或输入框-webkit-retry1/error-context.md is missing
Warning: attachment ../e2e-results/search-搜索功能测试-搜索界面-应该显示搜索按钮或输入框-webkit-retry1/trace.zip is missing
Warning: attachment ../e2e-results/search-搜索功能测试-搜索界面-应该显示搜索按钮或输入框-webkit-retry2/test-failed-1.png is missing
Warning: attachment ../e2e-results/search-搜索功能测试-搜索界面-应该显示搜索按钮或输入框-webkit-retry2/video.webm is missing
Warning: attachment ../e2e-results/search-搜索功能测试-搜索界面-应该显示搜索按钮或输入框-webkit-retry2/error-context.md is missing]]>
</system-err>
</testcase>
<testcase name="搜索功能测试 › 搜索界面 › 应该能够打开搜索模态框" classname="search.test.ts" time="1.157">
<system-err>
<![CDATA[⚠️  Could not open search modal
(node:49109) Warning: The 'NO_COLOR' env is ignored due to the 'FORCE_COLOR' env being set.
(Use `node --trace-warnings ...` to show where the warning was created)
]]>
</system-err>
</testcase>
<testcase name="搜索功能测试 › 搜索功能 › 应该能够执行基本搜索" classname="search.test.ts" time="3.481">
<failure message="search.test.ts:122:9 应该能够执行基本搜索" type="FAILURE">
<![CDATA[  [webkit] › search.test.ts:122:9 › 搜索功能测试 › 搜索功能 › 应该能够执行基本搜索 ─────────────────────────────────────

    Error: locator.count: Execution context was destroyed, most likely because of a navigation

       5 |   // 优先尝试可见的按钮
       6 |   const searchButton = page.locator('.VPNavBarSearch button, .DocSearch-Button, [data-testid="search-button"]').first()
    >  7 |   if (await searchButton.count() > 0) {
         |                          ^
       8 |     try {
       9 |       if (!(await searchButton.isVisible())) {
      10 |         await searchButton.scrollIntoViewIfNeeded()
        at openSearchModal (/Users/liyanjie/VSCodeProjects/swit/docs/pages/tests/e2e/search.test.ts:7:26)
        at /Users/liyanjie/VSCodeProjects/swit/docs/pages/tests/e2e/search.test.ts:123:33

    attachment #1: screenshot (image/png) ──────────────────────────────────────────────────────────
    ../e2e-results/search-搜索功能测试-搜索功能-应该能够执行基本搜索-webkit/test-failed-1.png
    ────────────────────────────────────────────────────────────────────────────────────────────────

    attachment #2: video (video/webm) ──────────────────────────────────────────────────────────────
    ../e2e-results/search-搜索功能测试-搜索功能-应该能够执行基本搜索-webkit/video.webm
    ────────────────────────────────────────────────────────────────────────────────────────────────

    Error Context: ../e2e-results/search-搜索功能测试-搜索功能-应该能够执行基本搜索-webkit/error-context.md

    Retry #1 ───────────────────────────────────────────────────────────────────────────────────────

    Error: locator.count: Execution context was destroyed, most likely because of a navigation

       5 |   // 优先尝试可见的按钮
       6 |   const searchButton = page.locator('.VPNavBarSearch button, .DocSearch-Button, [data-testid="search-button"]').first()
    >  7 |   if (await searchButton.count() > 0) {
         |                          ^
       8 |     try {
       9 |       if (!(await searchButton.isVisible())) {
      10 |         await searchButton.scrollIntoViewIfNeeded()
        at openSearchModal (/Users/liyanjie/VSCodeProjects/swit/docs/pages/tests/e2e/search.test.ts:7:26)
        at /Users/liyanjie/VSCodeProjects/swit/docs/pages/tests/e2e/search.test.ts:123:33

    attachment #1: screenshot (image/png) ──────────────────────────────────────────────────────────
    ../e2e-results/search-搜索功能测试-搜索功能-应该能够执行基本搜索-webkit-retry1/test-failed-1.png
    ────────────────────────────────────────────────────────────────────────────────────────────────

    attachment #2: video (video/webm) ──────────────────────────────────────────────────────────────
    ../e2e-results/search-搜索功能测试-搜索功能-应该能够执行基本搜索-webkit-retry1/video.webm
    ────────────────────────────────────────────────────────────────────────────────────────────────

    Error Context: ../e2e-results/search-搜索功能测试-搜索功能-应该能够执行基本搜索-webkit-retry1/error-context.md

    attachment #4: trace (application/zip) ─────────────────────────────────────────────────────────
    ../e2e-results/search-搜索功能测试-搜索功能-应该能够执行基本搜索-webkit-retry1/trace.zip
    Usage:

        npx playwright show-trace ../e2e-results/search-搜索功能测试-搜索功能-应该能够执行基本搜索-webkit-retry1/trace.zip

    ────────────────────────────────────────────────────────────────────────────────────────────────

    Retry #2 ───────────────────────────────────────────────────────────────────────────────────────

    Error: locator.count: Execution context was destroyed, most likely because of a navigation

       5 |   // 优先尝试可见的按钮
       6 |   const searchButton = page.locator('.VPNavBarSearch button, .DocSearch-Button, [data-testid="search-button"]').first()
    >  7 |   if (await searchButton.count() > 0) {
         |                          ^
       8 |     try {
       9 |       if (!(await searchButton.isVisible())) {
      10 |         await searchButton.scrollIntoViewIfNeeded()
        at openSearchModal (/Users/liyanjie/VSCodeProjects/swit/docs/pages/tests/e2e/search.test.ts:7:26)
        at /Users/liyanjie/VSCodeProjects/swit/docs/pages/tests/e2e/search.test.ts:123:33

    attachment #1: screenshot (image/png) ──────────────────────────────────────────────────────────
    ../e2e-results/search-搜索功能测试-搜索功能-应该能够执行基本搜索-webkit-retry2/test-failed-1.png
    ────────────────────────────────────────────────────────────────────────────────────────────────

    attachment #2: video (video/webm) ──────────────────────────────────────────────────────────────
    ../e2e-results/search-搜索功能测试-搜索功能-应该能够执行基本搜索-webkit-retry2/video.webm
    ────────────────────────────────────────────────────────────────────────────────────────────────

    Error Context: ../e2e-results/search-搜索功能测试-搜索功能-应该能够执行基本搜索-webkit-retry2/error-context.md
]]>
</failure>
<system-err>
<![CDATA[
Warning: attachment ../e2e-results/search-搜索功能测试-搜索功能-应该能够执行基本搜索-webkit/test-failed-1.png is missing
Warning: attachment ../e2e-results/search-搜索功能测试-搜索功能-应该能够执行基本搜索-webkit/video.webm is missing
Warning: attachment ../e2e-results/search-搜索功能测试-搜索功能-应该能够执行基本搜索-webkit/error-context.md is missing
Warning: attachment ../e2e-results/search-搜索功能测试-搜索功能-应该能够执行基本搜索-webkit-retry1/test-failed-1.png is missing
Warning: attachment ../e2e-results/search-搜索功能测试-搜索功能-应该能够执行基本搜索-webkit-retry1/video.webm is missing
Warning: attachment ../e2e-results/search-搜索功能测试-搜索功能-应该能够执行基本搜索-webkit-retry1/error-context.md is missing
Warning: attachment ../e2e-results/search-搜索功能测试-搜索功能-应该能够执行基本搜索-webkit-retry1/trace.zip is missing
Warning: attachment ../e2e-results/search-搜索功能测试-搜索功能-应该能够执行基本搜索-webkit-retry2/test-failed-1.png is missing
Warning: attachment ../e2e-results/search-搜索功能测试-搜索功能-应该能够执行基本搜索-webkit-retry2/video.webm is missing
Warning: attachment ../e2e-results/search-搜索功能测试-搜索功能-应该能够执行基本搜索-webkit-retry2/error-context.md is missing]]>
</system-err>
</testcase>
<testcase name="搜索功能测试 › 搜索功能 › 应该支持中文搜索" classname="search.test.ts" time="2.058">
</testcase>
<testcase name="搜索功能测试 › 搜索功能 › 应该高亮搜索关键词" classname="search.test.ts" time="3.277">
<failure message="search.test.ts:186:9 应该高亮搜索关键词" type="FAILURE">
<![CDATA[  [webkit] › search.test.ts:186:9 › 搜索功能测试 › 搜索功能 › 应该高亮搜索关键词 ──────────────────────────────────────

    Error: locator.count: Execution context was destroyed, most likely because of a navigation

       5 |   // 优先尝试可见的按钮
       6 |   const searchButton = page.locator('.VPNavBarSearch button, .DocSearch-Button, [data-testid="search-button"]').first()
    >  7 |   if (await searchButton.count() > 0) {
         |                          ^
       8 |     try {
       9 |       if (!(await searchButton.isVisible())) {
      10 |         await searchButton.scrollIntoViewIfNeeded()
        at openSearchModal (/Users/liyanjie/VSCodeProjects/swit/docs/pages/tests/e2e/search.test.ts:7:26)
        at /Users/liyanjie/VSCodeProjects/swit/docs/pages/tests/e2e/search.test.ts:187:33

    attachment #1: screenshot (image/png) ──────────────────────────────────────────────────────────
    ../e2e-results/search-搜索功能测试-搜索功能-应该高亮搜索关键词-webkit/test-failed-1.png
    ────────────────────────────────────────────────────────────────────────────────────────────────

    attachment #2: video (video/webm) ──────────────────────────────────────────────────────────────
    ../e2e-results/search-搜索功能测试-搜索功能-应该高亮搜索关键词-webkit/video.webm
    ────────────────────────────────────────────────────────────────────────────────────────────────

    Error Context: ../e2e-results/search-搜索功能测试-搜索功能-应该高亮搜索关键词-webkit/error-context.md

    Retry #1 ───────────────────────────────────────────────────────────────────────────────────────

    Error: locator.count: Execution context was destroyed, most likely because of a navigation

       5 |   // 优先尝试可见的按钮
       6 |   const searchButton = page.locator('.VPNavBarSearch button, .DocSearch-Button, [data-testid="search-button"]').first()
    >  7 |   if (await searchButton.count() > 0) {
         |                          ^
       8 |     try {
       9 |       if (!(await searchButton.isVisible())) {
      10 |         await searchButton.scrollIntoViewIfNeeded()
        at openSearchModal (/Users/liyanjie/VSCodeProjects/swit/docs/pages/tests/e2e/search.test.ts:7:26)
        at /Users/liyanjie/VSCodeProjects/swit/docs/pages/tests/e2e/search.test.ts:187:33

    attachment #1: screenshot (image/png) ──────────────────────────────────────────────────────────
    ../e2e-results/search-搜索功能测试-搜索功能-应该高亮搜索关键词-webkit-retry1/test-failed-1.png
    ────────────────────────────────────────────────────────────────────────────────────────────────

    attachment #2: video (video/webm) ──────────────────────────────────────────────────────────────
    ../e2e-results/search-搜索功能测试-搜索功能-应该高亮搜索关键词-webkit-retry1/video.webm
    ────────────────────────────────────────────────────────────────────────────────────────────────

    Error Context: ../e2e-results/search-搜索功能测试-搜索功能-应该高亮搜索关键词-webkit-retry1/error-context.md

    attachment #4: trace (application/zip) ─────────────────────────────────────────────────────────
    ../e2e-results/search-搜索功能测试-搜索功能-应该高亮搜索关键词-webkit-retry1/trace.zip
    Usage:

        npx playwright show-trace ../e2e-results/search-搜索功能测试-搜索功能-应该高亮搜索关键词-webkit-retry1/trace.zip

    ────────────────────────────────────────────────────────────────────────────────────────────────

    Retry #2 ───────────────────────────────────────────────────────────────────────────────────────

    Error: locator.count: Execution context was destroyed, most likely because of a navigation

       5 |   // 优先尝试可见的按钮
       6 |   const searchButton = page.locator('.VPNavBarSearch button, .DocSearch-Button, [data-testid="search-button"]').first()
    >  7 |   if (await searchButton.count() > 0) {
         |                          ^
       8 |     try {
       9 |       if (!(await searchButton.isVisible())) {
      10 |         await searchButton.scrollIntoViewIfNeeded()
        at openSearchModal (/Users/liyanjie/VSCodeProjects/swit/docs/pages/tests/e2e/search.test.ts:7:26)
        at /Users/liyanjie/VSCodeProjects/swit/docs/pages/tests/e2e/search.test.ts:187:33

    attachment #1: screenshot (image/png) ──────────────────────────────────────────────────────────
    ../e2e-results/search-搜索功能测试-搜索功能-应该高亮搜索关键词-webkit-retry2/test-failed-1.png
    ────────────────────────────────────────────────────────────────────────────────────────────────

    attachment #2: video (video/webm) ──────────────────────────────────────────────────────────────
    ../e2e-results/search-搜索功能测试-搜索功能-应该高亮搜索关键词-webkit-retry2/video.webm
    ────────────────────────────────────────────────────────────────────────────────────────────────

    Error Context: ../e2e-results/search-搜索功能测试-搜索功能-应该高亮搜索关键词-webkit-retry2/error-context.md
]]>
</failure>
<system-err>
<![CDATA[
Warning: attachment ../e2e-results/search-搜索功能测试-搜索功能-应该高亮搜索关键词-webkit/test-failed-1.png is missing
Warning: attachment ../e2e-results/search-搜索功能测试-搜索功能-应该高亮搜索关键词-webkit/video.webm is missing
Warning: attachment ../e2e-results/search-搜索功能测试-搜索功能-应该高亮搜索关键词-webkit/error-context.md is missing
Warning: attachment ../e2e-results/search-搜索功能测试-搜索功能-应该高亮搜索关键词-webkit-retry1/test-failed-1.png is missing
Warning: attachment ../e2e-results/search-搜索功能测试-搜索功能-应该高亮搜索关键词-webkit-retry1/video.webm is missing
Warning: attachment ../e2e-results/search-搜索功能测试-搜索功能-应该高亮搜索关键词-webkit-retry1/error-context.md is missing
Warning: attachment ../e2e-results/search-搜索功能测试-搜索功能-应该高亮搜索关键词-webkit-retry1/trace.zip is missing
Warning: attachment ../e2e-results/search-搜索功能测试-搜索功能-应该高亮搜索关键词-webkit-retry2/test-failed-1.png is missing
Warning: attachment ../e2e-results/search-搜索功能测试-搜索功能-应该高亮搜索关键词-webkit-retry2/video.webm is missing
Warning: attachment ../e2e-results/search-搜索功能测试-搜索功能-应该高亮搜索关键词-webkit-retry2/error-context.md is missing]]>
</system-err>
</testcase>
<testcase name="搜索功能测试 › 搜索功能 › 应该支持搜索结果导航" classname="search.test.ts" time="3.329">
<system-err>
<![CDATA[
Warning: attachment ../e2e-results/search-搜索功能测试-搜索功能-应该支持搜索结果导航-webkit/test-failed-1.png is missing
Warning: attachment ../e2e-results/search-搜索功能测试-搜索功能-应该支持搜索结果导航-webkit/video.webm is missing
Warning: attachment ../e2e-results/search-搜索功能测试-搜索功能-应该支持搜索结果导航-webkit/error-context.md is missing
Warning: attachment ../e2e-results/search-搜索功能测试-搜索功能-应该支持搜索结果导航-webkit-retry1/trace.zip is missing]]>
</system-err>
</testcase>
<testcase name="搜索功能测试 › 搜索功能 › 应该处理空搜索结果" classname="search.test.ts" time="4.41">
<system-err>
<![CDATA[
Warning: attachment ../e2e-results/search-搜索功能测试-搜索功能-应该处理空搜索结果-webkit/test-failed-1.png is missing
Warning: attachment ../e2e-results/search-搜索功能测试-搜索功能-应该处理空搜索结果-webkit/video.webm is missing
Warning: attachment ../e2e-results/search-搜索功能测试-搜索功能-应该处理空搜索结果-webkit/error-context.md is missing
Warning: attachment ../e2e-results/search-搜索功能测试-搜索功能-应该处理空搜索结果-webkit-retry1/test-failed-1.png is missing
Warning: attachment ../e2e-results/search-搜索功能测试-搜索功能-应该处理空搜索结果-webkit-retry1/video.webm is missing
Warning: attachment ../e2e-results/search-搜索功能测试-搜索功能-应该处理空搜索结果-webkit-retry1/error-context.md is missing
Warning: attachment ../e2e-results/search-搜索功能测试-搜索功能-应该处理空搜索结果-webkit-retry1/trace.zip is missing]]>
</system-err>
</testcase>
<testcase name="搜索功能测试 › 搜索快捷键 › 应该支持 Ctrl+K 快捷键" classname="search.test.ts" time="0.942">
</testcase>
<testcase name="搜索功能测试 › 搜索快捷键 › 应该支持 / 快捷键" classname="search.test.ts" time="0.86">
</testcase>
<testcase name="搜索功能测试 › 搜索快捷键 › 应该在输入框聚焦时显示快捷键提示" classname="search.test.ts" time="3.181">
<failure message="search.test.ts:294:9 应该在输入框聚焦时显示快捷键提示" type="FAILURE">
<![CDATA[  [webkit] › search.test.ts:294:9 › 搜索功能测试 › 搜索快捷键 › 应该在输入框聚焦时显示快捷键提示 ──────────────────────────────

    Error: locator.count: Execution context was destroyed, most likely because of a navigation

      295 |       const searchButton = page.locator('.VPNavBarSearch button, .DocSearch-Button').first()
      296 |       
    > 297 |       if (await searchButton.count() > 0) {
          |                              ^
      298 |         // 检查按钮上是否显示快捷键提示
      299 |         const buttonText = await searchButton.textContent()
      300 |         const hasShortcut = buttonText?.includes('⌘') || buttonText?.includes('Ctrl') || 
        at /Users/liyanjie/VSCodeProjects/swit/docs/pages/tests/e2e/search.test.ts:297:30

    attachment #1: screenshot (image/png) ──────────────────────────────────────────────────────────
    ../e2e-results/search-搜索功能测试-搜索快捷键-应该在输入框聚焦时显示快捷键提示-webkit/test-failed-1.png
    ────────────────────────────────────────────────────────────────────────────────────────────────

    attachment #2: video (video/webm) ──────────────────────────────────────────────────────────────
    ../e2e-results/search-搜索功能测试-搜索快捷键-应该在输入框聚焦时显示快捷键提示-webkit/video.webm
    ────────────────────────────────────────────────────────────────────────────────────────────────

    Error Context: ../e2e-results/search-搜索功能测试-搜索快捷键-应该在输入框聚焦时显示快捷键提示-webkit/error-context.md

    Retry #1 ───────────────────────────────────────────────────────────────────────────────────────

    Error: locator.count: Execution context was destroyed, most likely because of a navigation

      295 |       const searchButton = page.locator('.VPNavBarSearch button, .DocSearch-Button').first()
      296 |       
    > 297 |       if (await searchButton.count() > 0) {
          |                              ^
      298 |         // 检查按钮上是否显示快捷键提示
      299 |         const buttonText = await searchButton.textContent()
      300 |         const hasShortcut = buttonText?.includes('⌘') || buttonText?.includes('Ctrl') || 
        at /Users/liyanjie/VSCodeProjects/swit/docs/pages/tests/e2e/search.test.ts:297:30

    attachment #1: screenshot (image/png) ──────────────────────────────────────────────────────────
    ../e2e-results/search-搜索功能测试-搜索快捷键-应该在输入框聚焦时显示快捷键提示-webkit-retry1/test-failed-1.png
    ────────────────────────────────────────────────────────────────────────────────────────────────

    attachment #2: video (video/webm) ──────────────────────────────────────────────────────────────
    ../e2e-results/search-搜索功能测试-搜索快捷键-应该在输入框聚焦时显示快捷键提示-webkit-retry1/video.webm
    ────────────────────────────────────────────────────────────────────────────────────────────────

    Error Context: ../e2e-results/search-搜索功能测试-搜索快捷键-应该在输入框聚焦时显示快捷键提示-webkit-retry1/error-context.md

    attachment #4: trace (application/zip) ─────────────────────────────────────────────────────────
    ../e2e-results/search-搜索功能测试-搜索快捷键-应该在输入框聚焦时显示快捷键提示-webkit-retry1/trace.zip
    Usage:

        npx playwright show-trace ../e2e-results/search-搜索功能测试-搜索快捷键-应该在输入框聚焦时显示快捷键提示-webkit-retry1/trace.zip

    ────────────────────────────────────────────────────────────────────────────────────────────────

    Retry #2 ───────────────────────────────────────────────────────────────────────────────────────

    Error: locator.count: Execution context was destroyed, most likely because of a navigation

      295 |       const searchButton = page.locator('.VPNavBarSearch button, .DocSearch-Button').first()
      296 |       
    > 297 |       if (await searchButton.count() > 0) {
          |                              ^
      298 |         // 检查按钮上是否显示快捷键提示
      299 |         const buttonText = await searchButton.textContent()
      300 |         const hasShortcut = buttonText?.includes('⌘') || buttonText?.includes('Ctrl') || 
        at /Users/liyanjie/VSCodeProjects/swit/docs/pages/tests/e2e/search.test.ts:297:30

    attachment #1: screenshot (image/png) ──────────────────────────────────────────────────────────
    ../e2e-results/search-搜索功能测试-搜索快捷键-应该在输入框聚焦时显示快捷键提示-webkit-retry2/test-failed-1.png
    ────────────────────────────────────────────────────────────────────────────────────────────────

    attachment #2: video (video/webm) ──────────────────────────────────────────────────────────────
    ../e2e-results/search-搜索功能测试-搜索快捷键-应该在输入框聚焦时显示快捷键提示-webkit-retry2/video.webm
    ────────────────────────────────────────────────────────────────────────────────────────────────

    Error Context: ../e2e-results/search-搜索功能测试-搜索快捷键-应该在输入框聚焦时显示快捷键提示-webkit-retry2/error-context.md
]]>
</failure>
<system-err>
<![CDATA[
Warning: attachment ../e2e-results/search-搜索功能测试-搜索快捷键-应该在输入框聚焦时显示快捷键提示-webkit/test-failed-1.png is missing
Warning: attachment ../e2e-results/search-搜索功能测试-搜索快捷键-应该在输入框聚焦时显示快捷键提示-webkit/video.webm is missing
Warning: attachment ../e2e-results/search-搜索功能测试-搜索快捷键-应该在输入框聚焦时显示快捷键提示-webkit/error-context.md is missing
Warning: attachment ../e2e-results/search-搜索功能测试-搜索快捷键-应该在输入框聚焦时显示快捷键提示-webkit-retry1/test-failed-1.png is missing
Warning: attachment ../e2e-results/search-搜索功能测试-搜索快捷键-应该在输入框聚焦时显示快捷键提示-webkit-retry1/video.webm is missing
Warning: attachment ../e2e-results/search-搜索功能测试-搜索快捷键-应该在输入框聚焦时显示快捷键提示-webkit-retry1/error-context.md is missing
Warning: attachment ../e2e-results/search-搜索功能测试-搜索快捷键-应该在输入框聚焦时显示快捷键提示-webkit-retry1/trace.zip is missing
Warning: attachment ../e2e-results/search-搜索功能测试-搜索快捷键-应该在输入框聚焦时显示快捷键提示-webkit-retry2/test-failed-1.png is missing
Warning: attachment ../e2e-results/search-搜索功能测试-搜索快捷键-应该在输入框聚焦时显示快捷键提示-webkit-retry2/video.webm is missing
Warning: attachment ../e2e-results/search-搜索功能测试-搜索快捷键-应该在输入框聚焦时显示快捷键提示-webkit-retry2/error-context.md is missing]]>
</system-err>
</testcase>
<testcase name="搜索功能测试 › 搜索性能 › 应该快速返回搜索结果" classname="search.test.ts" time="2.628">
<system-err>
<![CDATA[
Warning: attachment ../e2e-results/search-搜索功能测试-搜索性能-应该快速返回搜索结果-webkit/test-failed-1.png is missing
Warning: attachment ../e2e-results/search-搜索功能测试-搜索性能-应该快速返回搜索结果-webkit/video.webm is missing
Warning: attachment ../e2e-results/search-搜索功能测试-搜索性能-应该快速返回搜索结果-webkit/error-context.md is missing
Warning: attachment ../e2e-results/search-搜索功能测试-搜索性能-应该快速返回搜索结果-webkit-retry1/trace.zip is missing]]>
</system-err>
</testcase>
<testcase name="搜索功能测试 › 搜索性能 › 应该支持搜索结果缓存" classname="search.test.ts" time="1.835">
</testcase>
<testcase name="搜索功能测试 › 搜索可访问性 › 应该支持键盘导航" classname="search.test.ts" time="4.143">
<system-err>
<![CDATA[
Warning: attachment ../e2e-results/search-搜索功能测试-搜索可访问性-应该支持键盘导航-webkit/test-failed-1.png is missing
Warning: attachment ../e2e-results/search-搜索功能测试-搜索可访问性-应该支持键盘导航-webkit/video.webm is missing
Warning: attachment ../e2e-results/search-搜索功能测试-搜索可访问性-应该支持键盘导航-webkit/error-context.md is missing
Warning: attachment ../e2e-results/search-搜索功能测试-搜索可访问性-应该支持键盘导航-webkit-retry1/test-failed-1.png is missing
Warning: attachment ../e2e-results/search-搜索功能测试-搜索可访问性-应该支持键盘导航-webkit-retry1/video.webm is missing
Warning: attachment ../e2e-results/search-搜索功能测试-搜索可访问性-应该支持键盘导航-webkit-retry1/error-context.md is missing
Warning: attachment ../e2e-results/search-搜索功能测试-搜索可访问性-应该支持键盘导航-webkit-retry1/trace.zip is missing]]>
</system-err>
</testcase>
<testcase name="搜索功能测试 › 搜索可访问性 › 应该包含适当的 ARIA 标签" classname="search.test.ts" time="3.414">
<failure message="search.test.ts:394:9 应该包含适当的 ARIA 标签" type="FAILURE">
<![CDATA[  [webkit] › search.test.ts:394:9 › 搜索功能测试 › 搜索可访问性 › 应该包含适当的 ARIA 标签 ──────────────────────────────

    Error: locator.count: Execution context was destroyed, most likely because of a navigation

       5 |   // 优先尝试可见的按钮
       6 |   const searchButton = page.locator('.VPNavBarSearch button, .DocSearch-Button, [data-testid="search-button"]').first()
    >  7 |   if (await searchButton.count() > 0) {
         |                          ^
       8 |     try {
       9 |       if (!(await searchButton.isVisible())) {
      10 |         await searchButton.scrollIntoViewIfNeeded()
        at openSearchModal (/Users/liyanjie/VSCodeProjects/swit/docs/pages/tests/e2e/search.test.ts:7:26)
        at /Users/liyanjie/VSCodeProjects/swit/docs/pages/tests/e2e/search.test.ts:395:33

    attachment #1: screenshot (image/png) ──────────────────────────────────────────────────────────
    ../e2e-results/search-搜索功能测试-搜索可访问性-应该包含适当的-ARIA-标签-webkit/test-failed-1.png
    ────────────────────────────────────────────────────────────────────────────────────────────────

    attachment #2: video (video/webm) ──────────────────────────────────────────────────────────────
    ../e2e-results/search-搜索功能测试-搜索可访问性-应该包含适当的-ARIA-标签-webkit/video.webm
    ────────────────────────────────────────────────────────────────────────────────────────────────

    Error Context: ../e2e-results/search-搜索功能测试-搜索可访问性-应该包含适当的-ARIA-标签-webkit/error-context.md

    Retry #1 ───────────────────────────────────────────────────────────────────────────────────────

    Error: locator.count: Execution context was destroyed, most likely because of a navigation

       5 |   // 优先尝试可见的按钮
       6 |   const searchButton = page.locator('.VPNavBarSearch button, .DocSearch-Button, [data-testid="search-button"]').first()
    >  7 |   if (await searchButton.count() > 0) {
         |                          ^
       8 |     try {
       9 |       if (!(await searchButton.isVisible())) {
      10 |         await searchButton.scrollIntoViewIfNeeded()
        at openSearchModal (/Users/liyanjie/VSCodeProjects/swit/docs/pages/tests/e2e/search.test.ts:7:26)
        at /Users/liyanjie/VSCodeProjects/swit/docs/pages/tests/e2e/search.test.ts:395:33

    attachment #1: screenshot (image/png) ──────────────────────────────────────────────────────────
    ../e2e-results/search-搜索功能测试-搜索可访问性-应该包含适当的-ARIA-标签-webkit-retry1/test-failed-1.png
    ────────────────────────────────────────────────────────────────────────────────────────────────

    attachment #2: video (video/webm) ──────────────────────────────────────────────────────────────
    ../e2e-results/search-搜索功能测试-搜索可访问性-应该包含适当的-ARIA-标签-webkit-retry1/video.webm
    ────────────────────────────────────────────────────────────────────────────────────────────────

    Error Context: ../e2e-results/search-搜索功能测试-搜索可访问性-应该包含适当的-ARIA-标签-webkit-retry1/error-context.md

    attachment #4: trace (application/zip) ─────────────────────────────────────────────────────────
    ../e2e-results/search-搜索功能测试-搜索可访问性-应该包含适当的-ARIA-标签-webkit-retry1/trace.zip
    Usage:

        npx playwright show-trace ../e2e-results/search-搜索功能测试-搜索可访问性-应该包含适当的-ARIA-标签-webkit-retry1/trace.zip

    ────────────────────────────────────────────────────────────────────────────────────────────────

    Retry #2 ───────────────────────────────────────────────────────────────────────────────────────

    Error: locator.count: Execution context was destroyed, most likely because of a navigation

       5 |   // 优先尝试可见的按钮
       6 |   const searchButton = page.locator('.VPNavBarSearch button, .DocSearch-Button, [data-testid="search-button"]').first()
    >  7 |   if (await searchButton.count() > 0) {
         |                          ^
       8 |     try {
       9 |       if (!(await searchButton.isVisible())) {
      10 |         await searchButton.scrollIntoViewIfNeeded()
        at openSearchModal (/Users/liyanjie/VSCodeProjects/swit/docs/pages/tests/e2e/search.test.ts:7:26)
        at /Users/liyanjie/VSCodeProjects/swit/docs/pages/tests/e2e/search.test.ts:395:33

    attachment #1: screenshot (image/png) ──────────────────────────────────────────────────────────
    ../e2e-results/search-搜索功能测试-搜索可访问性-应该包含适当的-ARIA-标签-webkit-retry2/test-failed-1.png
    ────────────────────────────────────────────────────────────────────────────────────────────────

    attachment #2: video (video/webm) ──────────────────────────────────────────────────────────────
    ../e2e-results/search-搜索功能测试-搜索可访问性-应该包含适当的-ARIA-标签-webkit-retry2/video.webm
    ────────────────────────────────────────────────────────────────────────────────────────────────

    Error Context: ../e2e-results/search-搜索功能测试-搜索可访问性-应该包含适当的-ARIA-标签-webkit-retry2/error-context.md
]]>
</failure>
<system-err>
<![CDATA[
Warning: attachment ../e2e-results/search-搜索功能测试-搜索可访问性-应该包含适当的-ARIA-标签-webkit/test-failed-1.png is missing
Warning: attachment ../e2e-results/search-搜索功能测试-搜索可访问性-应该包含适当的-ARIA-标签-webkit/video.webm is missing
Warning: attachment ../e2e-results/search-搜索功能测试-搜索可访问性-应该包含适当的-ARIA-标签-webkit/error-context.md is missing
Warning: attachment ../e2e-results/search-搜索功能测试-搜索可访问性-应该包含适当的-ARIA-标签-webkit-retry1/test-failed-1.png is missing
Warning: attachment ../e2e-results/search-搜索功能测试-搜索可访问性-应该包含适当的-ARIA-标签-webkit-retry1/video.webm is missing
Warning: attachment ../e2e-results/search-搜索功能测试-搜索可访问性-应该包含适当的-ARIA-标签-webkit-retry1/error-context.md is missing
Warning: attachment ../e2e-results/search-搜索功能测试-搜索可访问性-应该包含适当的-ARIA-标签-webkit-retry1/trace.zip is missing
Warning: attachment ../e2e-results/search-搜索功能测试-搜索可访问性-应该包含适当的-ARIA-标签-webkit-retry2/test-failed-1.png is missing
Warning: attachment ../e2e-results/search-搜索功能测试-搜索可访问性-应该包含适当的-ARIA-标签-webkit-retry2/video.webm is missing
Warning: attachment ../e2e-results/search-搜索功能测试-搜索可访问性-应该包含适当的-ARIA-标签-webkit-retry2/error-context.md is missing]]>
</system-err>
</testcase>
<testcase name="搜索功能测试 › 搜索可访问性 › 应该支持屏幕阅读器" classname="search.test.ts" time="3.914">
<failure message="search.test.ts:418:9 应该支持屏幕阅读器" type="FAILURE">
<![CDATA[  [webkit] › search.test.ts:418:9 › 搜索功能测试 › 搜索可访问性 › 应该支持屏幕阅读器 ────────────────────────────────────

    Error: locator.count: Execution context was destroyed, most likely because of a navigation

       5 |   // 优先尝试可见的按钮
       6 |   const searchButton = page.locator('.VPNavBarSearch button, .DocSearch-Button, [data-testid="search-button"]').first()
    >  7 |   if (await searchButton.count() > 0) {
         |                          ^
       8 |     try {
       9 |       if (!(await searchButton.isVisible())) {
      10 |         await searchButton.scrollIntoViewIfNeeded()
        at openSearchModal (/Users/liyanjie/VSCodeProjects/swit/docs/pages/tests/e2e/search.test.ts:7:26)
        at /Users/liyanjie/VSCodeProjects/swit/docs/pages/tests/e2e/search.test.ts:419:33

    attachment #1: screenshot (image/png) ──────────────────────────────────────────────────────────
    ../e2e-results/search-搜索功能测试-搜索可访问性-应该支持屏幕阅读器-webkit/test-failed-1.png
    ────────────────────────────────────────────────────────────────────────────────────────────────

    attachment #2: video (video/webm) ──────────────────────────────────────────────────────────────
    ../e2e-results/search-搜索功能测试-搜索可访问性-应该支持屏幕阅读器-webkit/video.webm
    ────────────────────────────────────────────────────────────────────────────────────────────────

    Error Context: ../e2e-results/search-搜索功能测试-搜索可访问性-应该支持屏幕阅读器-webkit/error-context.md

    Retry #1 ───────────────────────────────────────────────────────────────────────────────────────

    Error: locator.count: Execution context was destroyed, most likely because of a navigation

       5 |   // 优先尝试可见的按钮
       6 |   const searchButton = page.locator('.VPNavBarSearch button, .DocSearch-Button, [data-testid="search-button"]').first()
    >  7 |   if (await searchButton.count() > 0) {
         |                          ^
       8 |     try {
       9 |       if (!(await searchButton.isVisible())) {
      10 |         await searchButton.scrollIntoViewIfNeeded()
        at openSearchModal (/Users/liyanjie/VSCodeProjects/swit/docs/pages/tests/e2e/search.test.ts:7:26)
        at /Users/liyanjie/VSCodeProjects/swit/docs/pages/tests/e2e/search.test.ts:419:33

    attachment #1: screenshot (image/png) ──────────────────────────────────────────────────────────
    ../e2e-results/search-搜索功能测试-搜索可访问性-应该支持屏幕阅读器-webkit-retry1/test-failed-1.png
    ────────────────────────────────────────────────────────────────────────────────────────────────

    attachment #2: video (video/webm) ──────────────────────────────────────────────────────────────
    ../e2e-results/search-搜索功能测试-搜索可访问性-应该支持屏幕阅读器-webkit-retry1/video.webm
    ────────────────────────────────────────────────────────────────────────────────────────────────

    Error Context: ../e2e-results/search-搜索功能测试-搜索可访问性-应该支持屏幕阅读器-webkit-retry1/error-context.md

    attachment #4: trace (application/zip) ─────────────────────────────────────────────────────────
    ../e2e-results/search-搜索功能测试-搜索可访问性-应该支持屏幕阅读器-webkit-retry1/trace.zip
    Usage:

        npx playwright show-trace ../e2e-results/search-搜索功能测试-搜索可访问性-应该支持屏幕阅读器-webkit-retry1/trace.zip

    ────────────────────────────────────────────────────────────────────────────────────────────────

    Retry #2 ───────────────────────────────────────────────────────────────────────────────────────

    Error: locator.count: Execution context was destroyed, most likely because of a navigation

       5 |   // 优先尝试可见的按钮
       6 |   const searchButton = page.locator('.VPNavBarSearch button, .DocSearch-Button, [data-testid="search-button"]').first()
    >  7 |   if (await searchButton.count() > 0) {
         |                          ^
       8 |     try {
       9 |       if (!(await searchButton.isVisible())) {
      10 |         await searchButton.scrollIntoViewIfNeeded()
        at openSearchModal (/Users/liyanjie/VSCodeProjects/swit/docs/pages/tests/e2e/search.test.ts:7:26)
        at /Users/liyanjie/VSCodeProjects/swit/docs/pages/tests/e2e/search.test.ts:419:33

    attachment #1: screenshot (image/png) ──────────────────────────────────────────────────────────
    ../e2e-results/search-搜索功能测试-搜索可访问性-应该支持屏幕阅读器-webkit-retry2/test-failed-1.png
    ────────────────────────────────────────────────────────────────────────────────────────────────

    attachment #2: video (video/webm) ──────────────────────────────────────────────────────────────
    ../e2e-results/search-搜索功能测试-搜索可访问性-应该支持屏幕阅读器-webkit-retry2/video.webm
    ────────────────────────────────────────────────────────────────────────────────────────────────

    Error Context: ../e2e-results/search-搜索功能测试-搜索可访问性-应该支持屏幕阅读器-webkit-retry2/error-context.md
]]>
</failure>
<system-err>
<![CDATA[
Warning: attachment ../e2e-results/search-搜索功能测试-搜索可访问性-应该支持屏幕阅读器-webkit/test-failed-1.png is missing
Warning: attachment ../e2e-results/search-搜索功能测试-搜索可访问性-应该支持屏幕阅读器-webkit/video.webm is missing
Warning: attachment ../e2e-results/search-搜索功能测试-搜索可访问性-应该支持屏幕阅读器-webkit/error-context.md is missing
[...]
<![CDATA[  [No JavaScript] › navigation.test.ts:153:9 › 页面路由和导航测试 › 响应式导航 › 应该在平板设备上正确显示导航 ──────────────────

    Error: Timed out 10000ms waiting for expect(locator).toBeVisible()

    Locator: locator('nav')
    Expected: visible
    Received: <element(s) not found>
    Call log:
      - Expect "toBeVisible" with timeout 10000ms
      - waiting for locator('nav')


      158 |       // 验证导航可见性
      159 |       const nav = page.locator('nav')
    > 160 |       await expect(nav).toBeVisible()
          |                         ^
      161 |       
      162 |       // 验证菜单项可点击
      163 |       const navLinks = nav.locator('a')
        at /Users/liyanjie/VSCodeProjects/swit/docs/pages/tests/e2e/navigation.test.ts:160:25

    attachment #1: screenshot (image/png) ──────────────────────────────────────────────────────────
    ../e2e-results/navigation-页面路由和导航测试-响应式导航-应该在平板设备上正确显示导航-No-JavaScript/test-failed-1.png
    ────────────────────────────────────────────────────────────────────────────────────────────────

    attachment #2: video (video/webm) ──────────────────────────────────────────────────────────────
    ../e2e-results/navigation-页面路由和导航测试-响应式导航-应该在平板设备上正确显示导航-No-JavaScript/video.webm
    ────────────────────────────────────────────────────────────────────────────────────────────────

    Error Context: ../e2e-results/navigation-页面路由和导航测试-响应式导航-应该在平板设备上正确显示导航-No-JavaScript/error-context.md

    Retry #1 ───────────────────────────────────────────────────────────────────────────────────────

    Error: Timed out 10000ms waiting for expect(locator).toBeVisible()

    Locator: locator('nav')
    Expected: visible
    Received: <element(s) not found>
    Call log:
      - Expect "toBeVisible" with timeout 10000ms
      - waiting for locator('nav')


      158 |       // 验证导航可见性
      159 |       const nav = page.locator('nav')
    > 160 |       await expect(nav).toBeVisible()
          |                         ^
      161 |       
      162 |       // 验证菜单项可点击
      163 |       const navLinks = nav.locator('a')
        at /Users/liyanjie/VSCodeProjects/swit/docs/pages/tests/e2e/navigation.test.ts:160:25

    attachment #1: screenshot (image/png) ──────────────────────────────────────────────────────────
    ../e2e-results/navigation-页面路由和导航测试-响应式导航-应该在平板设备上正确显示导航-No-JavaScript-retry1/test-failed-1.png
    ────────────────────────────────────────────────────────────────────────────────────────────────

    attachment #2: video (video/webm) ──────────────────────────────────────────────────────────────
    ../e2e-results/navigation-页面路由和导航测试-响应式导航-应该在平板设备上正确显示导航-No-JavaScript-retry1/video.webm
    ────────────────────────────────────────────────────────────────────────────────────────────────

    Error Context: ../e2e-results/navigation-页面路由和导航测试-响应式导航-应该在平板设备上正确显示导航-No-JavaScript-retry1/error-context.md

    attachment #4: trace (application/zip) ─────────────────────────────────────────────────────────
    ../e2e-results/navigation-页面路由和导航测试-响应式导航-应该在平板设备上正确显示导航-No-JavaScript-retry1/trace.zip
    Usage:

        npx playwright show-trace ../e2e-results/navigation-页面路由和导航测试-响应式导航-应该在平板设备上正确显示导航-No-JavaScript-retry1/trace.zip

    ────────────────────────────────────────────────────────────────────────────────────────────────

    Retry #2 ───────────────────────────────────────────────────────────────────────────────────────

    Error: Timed out 10000ms waiting for expect(locator).toBeVisible()

    Locator: locator('nav')
    Expected: visible
    Received: <element(s) not found>
    Call log:
      - Expect "toBeVisible" with timeout 10000ms
      - waiting for locator('nav')


      158 |       // 验证导航可见性
      159 |       const nav = page.locator('nav')
    > 160 |       await expect(nav).toBeVisible()
          |                         ^
      161 |       
      162 |       // 验证菜单项可点击
      163 |       const navLinks = nav.locator('a')
        at /Users/liyanjie/VSCodeProjects/swit/docs/pages/tests/e2e/navigation.test.ts:160:25

    attachment #1: screenshot (image/png) ──────────────────────────────────────────────────────────
    ../e2e-results/navigation-页面路由和导航测试-响应式导航-应该在平板设备上正确显示导航-No-JavaScript-retry2/test-failed-1.png
    ────────────────────────────────────────────────────────────────────────────────────────────────

    attachment #2: video (video/webm) ──────────────────────────────────────────────────────────────
    ../e2e-results/navigation-页面路由和导航测试-响应式导航-应该在平板设备上正确显示导航-No-JavaScript-retry2/video.webm
    ────────────────────────────────────────────────────────────────────────────────────────────────

    Error Context: ../e2e-results/navigation-页面路由和导航测试-响应式导航-应该在平板设备上正确显示导航-No-JavaScript-retry2/error-context.md
]]>
</failure>
<system-out>
<![CDATA[
[[ATTACHMENT|../e2e-results/navigation-页面路由和导航测试-响应式导航-应该在平板设备上正确显示导航-No-JavaScript/test-failed-1.png]]

[[ATTACHMENT|../e2e-results/navigation-页面路由和导航测试-响应式导航-应该在平板设备上正确显示导航-No-JavaScript/video.webm]]

[[ATTACHMENT|../e2e-results/navigation-页面路由和导航测试-响应式导航-应该在平板设备上正确显示导航-No-JavaScript/error-context.md]]

[[ATTACHMENT|../e2e-results/navigation-页面路由和导航测试-响应式导航-应该在平板设备上正确显示导航-No-JavaScript-retry1/test-failed-1.png]]

[[ATTACHMENT|../e2e-results/navigation-页面路由和导航测试-响应式导航-应该在平板设备上正确显示导航-No-JavaScript-retry1/video.webm]]

[[ATTACHMENT|../e2e-results/navigation-页面路由和导航测试-响应式导航-应该在平板设备上正确显示导航-No-JavaScript-retry1/error-context.md]]

[[ATTACHMENT|../e2e-results/navigation-页面路由和导航测试-响应式导航-应该在平板设备上正确显示导航-No-JavaScript-retry1/trace.zip]]

[[ATTACHMENT|../e2e-results/navigation-页面路由和导航测试-响应式导航-应该在平板设备上正确显示导航-No-JavaScript-retry2/test-failed-1.png]]

[[ATTACHMENT|../e2e-results/navigation-页面路由和导航测试-响应式导航-应该在平板设备上正确显示导航-No-JavaScript-retry2/video.webm]]

[[ATTACHMENT|../e2e-results/navigation-页面路由和导航测试-响应式导航-应该在平板设备上正确显示导航-No-JavaScript-retry2/error-context.md]]
]]>
</system-out>
</testcase>
<testcase name="页面路由和导航测试 › URL 和深度链接 › 应该支持直接访问深层页面" classname="navigation.test.ts" time="0.509">
</testcase>
<testcase name="页面路由和导航测试 › URL 和深度链接 › 应该处理不存在的页面" classname="navigation.test.ts" time="33.21">
<failure message="navigation.test.ts:191:9 应该处理不存在的页面" type="FAILURE">
<![CDATA[  [No JavaScript] › navigation.test.ts:191:9 › 页面路由和导航测试 › URL 和深度链接 › 应该处理不存在的页面 ──────────────────

    Error: Timed out 10000ms waiting for expect(locator).toBeVisible()

    Locator: getByRole('heading', { level: 1 }).first()
    Expected: visible
    Received: <element(s) not found>
    Call log:
      - Expect "toBeVisible" with timeout 10000ms
      - waiting for getByRole('heading', { level: 1 }).first()


      202 |           await expect(code404.first()).toBeVisible()
      203 |         } else {
    > 204 |           await expect(page.getByRole('heading', { level: 1 }).first()).toBeVisible()
          |                                                                         ^
      205 |         }
      206 |       } else {
      207 |         // 若被重定向到有效页面，则应有可见的标题
        at /Users/liyanjie/VSCodeProjects/swit/docs/pages/tests/e2e/navigation.test.ts:204:73

    attachment #1: screenshot (image/png) ──────────────────────────────────────────────────────────
    ../e2e-results/navigation-页面路由和导航测试-URL-和深度链接-应该处理不存在的页面-No-JavaScript/test-failed-1.png
    ────────────────────────────────────────────────────────────────────────────────────────────────

    attachment #2: video (video/webm) ──────────────────────────────────────────────────────────────
    ../e2e-results/navigation-页面路由和导航测试-URL-和深度链接-应该处理不存在的页面-No-JavaScript/video.webm
    ────────────────────────────────────────────────────────────────────────────────────────────────

    Retry #1 ───────────────────────────────────────────────────────────────────────────────────────

    Error: Timed out 10000ms waiting for expect(locator).toBeVisible()

    Locator: getByRole('heading', { level: 1 }).first()
    Expected: visible
    Received: <element(s) not found>
    Call log:
      - Expect "toBeVisible" with timeout 10000ms
      - waiting for getByRole('heading', { level: 1 }).first()


      202 |           await expect(code404.first()).toBeVisible()
      203 |         } else {
    > 204 |           await expect(page.getByRole('heading', { level: 1 }).first()).toBeVisible()
          |                                                                         ^
      205 |         }
      206 |       } else {
      207 |         // 若被重定向到有效页面，则应有可见的标题
        at /Users/liyanjie/VSCodeProjects/swit/docs/pages/tests/e2e/navigation.test.ts:204:73

    attachment #1: screenshot (image/png) ──────────────────────────────────────────────────────────
    ../e2e-results/navigation-页面路由和导航测试-URL-和深度链接-应该处理不存在的页面-No-JavaScript-retry1/test-failed-1.png
    ────────────────────────────────────────────────────────────────────────────────────────────────

    attachment #2: video (video/webm) ──────────────────────────────────────────────────────────────
    ../e2e-results/navigation-页面路由和导航测试-URL-和深度链接-应该处理不存在的页面-No-JavaScript-retry1/video.webm
    ────────────────────────────────────────────────────────────────────────────────────────────────

    attachment #3: trace (application/zip) ─────────────────────────────────────────────────────────
    ../e2e-results/navigation-页面路由和导航测试-URL-和深度链接-应该处理不存在的页面-No-JavaScript-retry1/trace.zip
    Usage:

        npx playwright show-trace ../e2e-results/navigation-页面路由和导航测试-URL-和深度链接-应该处理不存在的页面-No-JavaScript-retry1/trace.zip

    ────────────────────────────────────────────────────────────────────────────────────────────────

    Retry #2 ───────────────────────────────────────────────────────────────────────────────────────

    Error: Timed out 10000ms waiting for expect(locator).toBeVisible()

    Locator: getByRole('heading', { level: 1 }).first()
    Expected: visible
    Received: <element(s) not found>
    Call log:
      - Expect "toBeVisible" with timeout 10000ms
      - waiting for getByRole('heading', { level: 1 }).first()


      202 |           await expect(code404.first()).toBeVisible()
      203 |         } else {
    > 204 |           await expect(page.getByRole('heading', { level: 1 }).first()).toBeVisible()
          |                                                                         ^
      205 |         }
      206 |       } else {
      207 |         // 若被重定向到有效页面，则应有可见的标题
        at /Users/liyanjie/VSCodeProjects/swit/docs/pages/tests/e2e/navigation.test.ts:204:73

    attachment #1: screenshot (image/png) ──────────────────────────────────────────────────────────
    ../e2e-results/navigation-页面路由和导航测试-URL-和深度链接-应该处理不存在的页面-No-JavaScript-retry2/test-failed-1.png
    ────────────────────────────────────────────────────────────────────────────────────────────────

    attachment #2: video (video/webm) ──────────────────────────────────────────────────────────────
    ../e2e-results/navigation-页面路由和导航测试-URL-和深度链接-应该处理不存在的页面-No-JavaScript-retry2/video.webm
    ────────────────────────────────────────────────────────────────────────────────────────────────
]]>
</failure>
<system-out>
<![CDATA[
[[ATTACHMENT|../e2e-results/navigation-页面路由和导航测试-URL-和深度链接-应该处理不存在的页面-No-JavaScript/test-failed-1.png]]

[[ATTACHMENT|../e2e-results/navigation-页面路由和导航测试-URL-和深度链接-应该处理不存在的页面-No-JavaScript/video.webm]]

[[ATTACHMENT|../e2e-results/navigation-页面路由和导航测试-URL-和深度链接-应该处理不存在的页面-No-JavaScript-retry1/test-failed-1.png]]

[[ATTACHMENT|../e2e-results/navigation-页面路由和导航测试-URL-和深度链接-应该处理不存在的页面-No-JavaScript-retry1/video.webm]]

[[ATTACHMENT|../e2e-results/navigation-页面路由和导航测试-URL-和深度链接-应该处理不存在的页面-No-JavaScript-retry1/trace.zip]]

[[ATTACHMENT|../e2e-results/navigation-页面路由和导航测试-URL-和深度链接-应该处理不存在的页面-No-JavaScript-retry2/test-failed-1.png]]

[[ATTACHMENT|../e2e-results/navigation-页面路由和导航测试-URL-和深度链接-应该处理不存在的页面-No-JavaScript-retry2/video.webm]]
]]>
</system-out>
</testcase>
<testcase name="页面路由和导航测试 › URL 和深度链接 › 应该支持锚点链接" classname="navigation.test.ts" time="0.362">
</testcase>
<testcase name="页面路由和导航测试 › URL 和深度链接 › 应该支持查询参数" classname="navigation.test.ts" time="0.28">
</testcase>
<testcase name="页面路由和导航测试 › 导航性能 › 应该快速加载页面" classname="navigation.test.ts" time="0.796">
</testcase>
<testcase name="页面路由和导航测试 › 导航性能 › 应该支持预加载功能" classname="navigation.test.ts" time="0.263">
<system-out>
<![CDATA[Found 5 preload/prefetch links
]]>
</system-out>
<system-err>
<![CDATA[(node:85468) Warning: The 'NO_COLOR' env is ignored due to the 'FORCE_COLOR' env being set.
(Use `node --trace-warnings ...` to show where the warning was created)
]]>
</system-err>
</testcase>
<testcase name="页面路由和导航测试 › 导航状态管理 › 应该正确高亮当前页面的导航项" classname="navigation.test.ts" time="0.285">
</testcase>
<testcase name="页面路由和导航测试 › 导航状态管理 › 应该支持浏览器前进后退" classname="navigation.test.ts" time="0.546">
</testcase>
<testcase name="页面路由和导航测试 › 错误处理 › 应该优雅处理网络错误" classname="navigation.test.ts" time="0.269">
</testcase>
<testcase name="页面路由和导航测试 › 错误处理 › 应该处理慢速网络" classname="navigation.test.ts" time="2.963">
</testcase>
</testsuite>
<testsuite name="search.test.ts" timestamp="2025-09-27T17:11:12.721Z" hostname="No JavaScript" tests="17" failures="0" skipped="0" time="17.797" errors="0">
<testcase name="搜索功能测试 › 搜索界面 › 应该显示搜索按钮或输入框" classname="search.test.ts" time="0.258">
<system-err>
<![CDATA[⚠️  No search interface found on the page
]]>
</system-err>
</testcase>
<testcase name="搜索功能测试 › 搜索界面 › 应该能够打开搜索模态框" classname="search.test.ts" time="0.264">
<system-err>
<![CDATA[⚠️  Could not open search modal
]]>
</system-err>
</testcase>
<testcase name="搜索功能测试 › 搜索功能 › 应该能够执行基本搜索" classname="search.test.ts" time="1.212">
</testcase>
<testcase name="搜索功能测试 › 搜索功能 › 应该支持中文搜索" classname="search.test.ts" time="2.125">
</testcase>
<testcase name="搜索功能测试 › 搜索功能 › 应该高亮搜索关键词" classname="search.test.ts" time="1.216">
</testcase>
<testcase name="搜索功能测试 › 搜索功能 › 应该支持搜索结果导航" classname="search.test.ts" time="1.222">
</testcase>
<testcase name="搜索功能测试 › 搜索功能 › 应该处理空搜索结果" classname="search.test.ts" time="1.209">
</testcase>
<testcase name="搜索功能测试 › 搜索快捷键 › 应该支持 Ctrl+K 快捷键" classname="search.test.ts" time="0.778">
</testcase>
<testcase name="搜索功能测试 › 搜索快捷键 › 应该支持 / 快捷键" classname="search.test.ts" time="0.78">
</testcase>
<testcase name="搜索功能测试 › 搜索快捷键 › 应该在输入框聚焦时显示快捷键提示" classname="search.test.ts" time="0.254">
</testcase>
<testcase name="搜索功能测试 › 搜索性能 › 应该快速返回搜索结果" classname="search.test.ts" time="1.213">
</testcase>
<testcase name="搜索功能测试 › 搜索性能 › 应该支持搜索结果缓存" classname="search.test.ts" time="1.205">
</testcase>
<testcase name="搜索功能测试 › 搜索可访问性 › 应该支持键盘导航" classname="search.test.ts" time="1.204">
</testcase>
<testcase name="搜索功能测试 › 搜索可访问性 › 应该包含适当的 ARIA 标签" classname="search.test.ts" time="1.21">
</testcase>
<testcase name="搜索功能测试 › 搜索可访问性 › 应该支持屏幕阅读器" classname="search.test.ts" time="1.218">
</testcase>
<testcase name="搜索功能测试 › 搜索过滤和分类 › 应该支持按内容类型过滤" classname="search.test.ts" time="1.22">
</testcase>
<testcase name="搜索功能测试 › 搜索过滤和分类 › 应该显示搜索建议" classname="search.test.ts" time="1.209">
</testcase>
</testsuite>
<testsuite name="deployment-examples.test.ts" timestamp="2025-09-27T17:11:12.721Z" hostname="Slow Network" tests="2" failures="0" skipped="0" time="0.779" errors="0">
<testcase name="Deployment Examples Pages › English page is accessible and has key sections" classname="deployment-examples.test.ts" time="0.384">
</testcase>
<testcase name="Deployment Examples Pages › Chinese page is accessible and has key sections" classname="deployment-examples.test.ts" time="0.395">
</testcase>
</testsuite>
<testsuite name="navigation.test.ts" timestamp="2025-09-27T17:11:12.721Z" hostname="Slow Network" tests="19" failures="0" skipped="0" time="27.939" errors="0">
<testcase name="页面路由和导航测试 › 基础导航功能 › 应该正确加载首页" classname="navigation.test.ts" time="0.881">
</testcase>
<testcase name="页面路由和导航测试 › 基础导航功能 › 应该能够通过导航菜单访问各个页面" classname="navigation.test.ts" time="1.09">
</testcase>
<testcase name="页面路由和导航测试 › 基础导航功能 › 应该支持面包屑导航" classname="navigation.test.ts" time="1.078">
</testcase>
<testcase name="页面路由和导航测试 › 基础导航功能 › 应该支持侧边栏导航" classname="navigation.test.ts" time="1.869">
</testcase>
<testcase name="页面路由和导航测试 › 多语言导航 › 应该支持语言切换" classname="navigation.test.ts" time="0.924">
</testcase>
<testcase name="页面路由和导航测试 › 多语言导航 › 应该在不同语言版本间保持页面结构" classname="navigation.test.ts" time="0.948">
</testcase>
<testcase name="页面路由和导航测试 › 多语言导航 › 应该在语言切换时保持当前页面路径" classname="navigation.test.ts" time="0.965">
</testcase>
<testcase name="页面路由和导航测试 › 响应式导航 › 应该在移动设备上显示汉堡菜单" classname="navigation.test.ts" time="0.95">
</testcase>
<testcase name="页面路由和导航测试 › 响应式导航 › 应该在平板设备上正确显示导航" classname="navigation.test.ts" time="1.765">
</testcase>
<testcase name="页面路由和导航测试 › URL 和深度链接 › 应该支持直接访问深层页面" classname="navigation.test.ts" time="1.432">
</testcase>
<testcase name="页面路由和导航测试 › URL 和深度链接 › 应该处理不存在的页面" classname="navigation.test.ts" time="1.407">
</testcase>
<testcase name="页面路由和导航测试 › URL 和深度链接 › 应该支持锚点链接" classname="navigation.test.ts" time="1.052">
</testcase>
<testcase name="页面路由和导航测试 › URL 和深度链接 › 应该支持查询参数" classname="navigation.test.ts" time="1.081">
</testcase>
<testcase name="页面路由和导航测试 › 导航性能 › 应该快速加载页面" classname="navigation.test.ts" time="3.15">
</testcase>
<testcase name="页面路由和导航测试 › 导航性能 › 应该支持预加载功能" classname="navigation.test.ts" time="1.14">
<system-out>
<![CDATA[Found 9 preload/prefetch links
]]>
</system-out>
<system-err>
<![CDATA[(node:86204) Warning: The 'NO_COLOR' env is ignored due to the 'FORCE_COLOR' env being set.
(Use `node --trace-warnings ...` to show where the warning was created)
]]>
</system-err>
</testcase>
<testcase name="页面路由和导航测试 › 导航状态管理 › 应该正确高亮当前页面的导航项" classname="navigation.test.ts" time="0.938">
</testcase>
<testcase name="页面路由和导航测试 › 导航状态管理 › 应该支持浏览器前进后退" classname="navigation.test.ts" time="1.294">
</testcase>
<testcase name="页面路由和导航测试 › 错误处理 › 应该优雅处理网络错误" classname="navigation.test.ts" time="0.916">
</testcase>
<testcase name="页面路由和导航测试 › 错误处理 › 应该处理慢速网络" classname="navigation.test.ts" time="5.059">
</testcase>
</testsuite>
<testsuite name="search.test.ts" timestamp="2025-09-27T17:11:12.721Z" hostname="Slow Network" tests="17" failures="0" skipped="0" time="30.472" errors="0">
<testcase name="搜索功能测试 › 搜索界面 › 应该显示搜索按钮或输入框" classname="search.test.ts" time="0.863">
<system-err>
<![CDATA[⚠️  No search interface found on the page
]]>
</system-err>
</testcase>
<testcase name="搜索功能测试 › 搜索界面 › 应该能够打开搜索模态框" classname="search.test.ts" time="0.963">
<system-err>
<![CDATA[⚠️  Could not open search modal
]]>
</system-err>
</testcase>
<testcase name="搜索功能测试 › 搜索功能 › 应该能够执行基本搜索" classname="search.test.ts" time="1.872">
</testcase>
<testcase name="搜索功能测试 › 搜索功能 › 应该支持中文搜索" classname="search.test.ts" time="2.385">
</testcase>
<testcase name="搜索功能测试 › 搜索功能 › 应该高亮搜索关键词" classname="search.test.ts" time="1.819">
</testcase>
<testcase name="搜索功能测试 › 搜索功能 › 应该支持搜索结果导航" classname="search.test.ts" time="1.784">
</testcase>
<testcase name="搜索功能测试 › 搜索功能 › 应该处理空搜索结果" classname="search.test.ts" time="1.882">
</testcase>
<testcase name="搜索功能测试 › 搜索快捷键 › 应该支持 Ctrl+K 快捷键" classname="search.test.ts" time="1.346">
</testcase>
<testcase name="搜索功能测试 › 搜索快捷键 › 应该支持 / 快捷键" classname="search.test.ts" time="1.381">
</testcase>
<testcase name="搜索功能测试 › 搜索快捷键 › 应该在输入框聚焦时显示快捷键提示" classname="search.test.ts" time="0.829">
</testcase>
<testcase name="搜索功能测试 › 搜索性能 › 应该快速返回搜索结果" classname="search.test.ts" time="1.873">
</testcase>
<testcase name="搜索功能测试 › 搜索性能 › 应该支持搜索结果缓存" classname="search.test.ts" time="1.886">
</testcase>
<testcase name="搜索功能测试 › 搜索可访问性 › 应该支持键盘导航" classname="search.test.ts" time="4.214">
</testcase>
<testcase name="搜索功能测试 › 搜索可访问性 › 应该包含适当的 ARIA 标签" classname="search.test.ts" time="1.802">
</testcase>
<testcase name="搜索功能测试 › 搜索可访问性 › 应该支持屏幕阅读器" classname="search.test.ts" time="1.87">
</testcase>
<testcase name="搜索功能测试 › 搜索过滤和分类 › 应该支持按内容类型过滤" classname="search.test.ts" time="1.755">
</testcase>
<testcase name="搜索功能测试 › 搜索过滤和分类 › 应该显示搜索建议" classname="search.test.ts" time="1.948">
</testcase>
</testsuite>
</testsuites>