<testsuites id="" name="" tests="2" failures="0" skipped="0" errors="0" time="17.502582999999998">
<testsuite name="deployment-examples.test.ts" timestamp="2025-09-27T15:08:55.679Z" hostname="chromium" tests="2" failures="0" skipped="0" time="0.849" errors="0">
<testcase name="Deployment Examples Pages › English page is accessible and has key sections" classname="deployment-examples.test.ts" time="0.425">
</testcase>
<testcase name="Deployment Examples Pages › Chinese page is accessible and has key sections" classname="deployment-examples.test.ts" time="0.424">
</testcase>
</testsuite>
</testsuites>